Using pre-set license
Built from '2021.3/staging' branch; Version is '2021.3.5f1 (40eb3a945986) revision 4254522'; Using compiler version '192829333'; Build Type 'Release'
OS: 'Windows 10  (10.0.19044) 64bit CoreSingleLanguage' Language: 'es' Physical Memory: 8088 MB
BatchMode: 1, IsHumanControllingUs: 0, StartBugReporterOnCrash: 0, Is64bit: 1, IsPro: 1

COMMAND LINE ARGUMENTS:
C:\Program Files\Unity\Hub\Editor\2021.3.5f1\Editor\Unity.exe
-adb2
-batchMode
-noUpm
-name
AssetImportWorker0
-projectPath
C:/Users/j_air/UnityProjects/jelly/TamagotchiProject
-logFile
Logs/AssetImportWorker0.log
-srvPort
53242
Successfully changed project path to: C:/Users/j_air/UnityProjects/jelly/TamagotchiProject
C:/Users/j_air/UnityProjects/jelly/TamagotchiProject
[UnityMemory] Configuration Parameters - Can be set up in boot.config
    "memorysetup-bucket-allocator-granularity=16"
    "memorysetup-bucket-allocator-bucket-count=8"
    "memorysetup-bucket-allocator-block-size=33554432"
    "memorysetup-bucket-allocator-block-count=8"
    "memorysetup-main-allocator-block-size=16777216"
    "memorysetup-thread-allocator-block-size=16777216"
    "memorysetup-gfx-main-allocator-block-size=16777216"
    "memorysetup-gfx-thread-allocator-block-size=16777216"
    "memorysetup-cache-allocator-block-size=4194304"
    "memorysetup-typetree-allocator-block-size=2097152"
    "memorysetup-profiler-bucket-allocator-granularity=16"
    "memorysetup-profiler-bucket-allocator-bucket-count=8"
    "memorysetup-profiler-bucket-allocator-block-size=33554432"
    "memorysetup-profiler-bucket-allocator-block-count=8"
    "memorysetup-profiler-allocator-block-size=16777216"
    "memorysetup-profiler-editor-allocator-block-size=1048576"
    "memorysetup-temp-allocator-size-main=16777216"
    "memorysetup-job-temp-allocator-block-size=2097152"
    "memorysetup-job-temp-allocator-block-size-background=1048576"
    "memorysetup-job-temp-allocator-reduction-small-platforms=262144"
    "memorysetup-temp-allocator-size-background-worker=32768"
    "memorysetup-temp-allocator-size-job-worker=262144"
    "memorysetup-temp-allocator-size-preload-manager=33554432"
    "memorysetup-temp-allocator-size-nav-mesh-worker=65536"
    "memorysetup-temp-allocator-size-audio-worker=65536"
    "memorysetup-temp-allocator-size-cloud-worker=32768"
    "memorysetup-temp-allocator-size-gi-baking-worker=262144"
    "memorysetup-temp-allocator-size-gfx=262144"
Refreshing native plugins compatible for Editor in 107.48 ms, found 2 plugins.
Preloading 0 native plugins for Editor in 0.00 ms.
Initialize engine version: 2021.3.5f1 (40eb3a945986)
[Subsystems] Discovering subsystems at path C:/Program Files/Unity/Hub/Editor/2021.3.5f1/Editor/Data/Resources/UnitySubsystems
[Subsystems] Discovering subsystems at path C:/Users/j_air/UnityProjects/jelly/TamagotchiProject/Assets
GfxDevice: creating device client; threaded=0; jobified=0
Direct3D:
    Version:  Direct3D 11.0 [level 11.0]
    Renderer: NVIDIA GeForce 940MX (ID=0x134d)
    Vendor:   NVIDIA
    VRAM:     2010 MB
    Driver:   30.0.15.1179
Initialize mono
Mono path[0] = 'C:/Program Files/Unity/Hub/Editor/2021.3.5f1/Editor/Data/Managed'
Mono path[1] = 'C:/Program Files/Unity/Hub/Editor/2021.3.5f1/Editor/Data/MonoBleedingEdge/lib/mono/unityjit-win32'
Mono config path = 'C:/Program Files/Unity/Hub/Editor/2021.3.5f1/Editor/Data/MonoBleedingEdge/etc'
Using monoOptions --debugger-agent=transport=dt_socket,embedding=1,server=y,suspend=n,address=127.0.0.1:56496
Begin MonoManager ReloadAssembly
Registering precompiled unity dll's ...
Register platform support module: C:/Program Files/Unity/Hub/Editor/2021.3.5f1/Editor/Data/PlaybackEngines/WebGLSupport/UnityEditor.WebGL.Extensions.dll
Register platform support module: C:/Program Files/Unity/Hub/Editor/2021.3.5f1/Editor/Data/PlaybackEngines/WindowsStandaloneSupport/UnityEditor.WindowsStandalone.Extensions.dll
Registered in 0.013305 seconds.
Native extension for WindowsStandalone target not found
Native extension for WebGL target not found
Refreshing native plugins compatible for Editor in 88.13 ms, found 2 plugins.
Preloading 0 native plugins for Editor in 0.00 ms.
Mono: successfully reloaded assembly
- Completed reload, in  1.210 seconds
Domain Reload Profiling:
	ReloadAssembly (1210ms)
		BeginReloadAssembly (151ms)
			ExecutionOrderSort (0ms)
			DisableScriptedObjects (0ms)
			BackupInstance (0ms)
			ReleaseScriptingObjects (0ms)
			CreateAndSetChildDomain (2ms)
		EndReloadAssembly (843ms)
			LoadAssemblies (146ms)
			RebuildTransferFunctionScriptingTraits (0ms)
			SetupTypeCache (266ms)
			ReleaseScriptCaches (0ms)
			RebuildScriptCaches (60ms)
			SetupLoadedEditorAssemblies (420ms)
				LogAssemblyErrors (0ms)
				InitializePlatformSupportModulesInManaged (20ms)
				SetLoadedEditorAssemblies (0ms)
				RefreshPlugins (88ms)
				BeforeProcessingInitializeOnLoad (2ms)
				ProcessInitializeOnLoadAttributes (218ms)
				ProcessInitializeOnLoadMethodAttributes (92ms)
				AfterProcessingInitializeOnLoad (0ms)
				EditorAssembliesLoaded (0ms)
			ExecutionOrderSort2 (0ms)
			AwakeInstancesAfterBackupRestoration (0ms)
Platform modules already initialized, skipping
Registering precompiled user dll's ...
Registered in 0.008552 seconds.
Begin MonoManager ReloadAssembly
Native extension for WindowsStandalone target not found
Native extension for WebGL target not found
Refreshing native plugins compatible for Editor in 1.15 ms, found 2 plugins.
Preloading 0 native plugins for Editor in 0.00 ms.
Package Manager log level set to [2]
Mono: successfully reloaded assembly
- Completed reload, in  2.168 seconds
Domain Reload Profiling:
	ReloadAssembly (2174ms)
		BeginReloadAssembly (264ms)
			ExecutionOrderSort (0ms)
			DisableScriptedObjects (11ms)
			BackupInstance (0ms)
			ReleaseScriptingObjects (0ms)
			CreateAndSetChildDomain (47ms)
		EndReloadAssembly (1678ms)
			LoadAssemblies (182ms)
			RebuildTransferFunctionScriptingTraits (0ms)
			SetupTypeCache (406ms)
			ReleaseScriptCaches (1ms)
			RebuildScriptCaches (114ms)
			SetupLoadedEditorAssemblies (914ms)
				LogAssemblyErrors (0ms)
				InitializePlatformSupportModulesInManaged (19ms)
				SetLoadedEditorAssemblies (1ms)
				RefreshPlugins (1ms)
				BeforeProcessingInitializeOnLoad (120ms)
				ProcessInitializeOnLoadAttributes (443ms)
				ProcessInitializeOnLoadMethodAttributes (313ms)
				AfterProcessingInitializeOnLoad (17ms)
				EditorAssembliesLoaded (0ms)
			ExecutionOrderSort2 (0ms)
			AwakeInstancesAfterBackupRestoration (16ms)
Platform modules already initialized, skipping
========================================================================
Worker process is ready to serve import requests
Launched and connected shader compiler UnityShaderCompiler.exe after 0.10 seconds
Refreshing native plugins compatible for Editor in 1.17 ms, found 2 plugins.
Preloading 0 native plugins for Editor in 0.00 ms.
Unloading 2222 Unused Serialized files (Serialized files now loaded: 0)
Unloading 59 unused Assets / (56.8 KB). Loaded Objects now: 2660.
Memory consumption went from 84.5 MB to 84.4 MB.
Total: 12.601700 ms (FindLiveObjects: 0.250300 ms CreateObjectMapping: 0.164400 ms MarkObjects: 12.078400 ms  DeleteObjects: 0.106600 ms)

AssetImportParameters requested are different than current active one (requested -> active):
  custom:video-decoder-ogg-theora: a1e56fd34408186e4bbccfd4996cb3dc -> 
  custom:container-muxer-webm: aa71ff27fc2769a1b78a27578f13a17b -> 
  custom:container-demuxer-webm: 4f35f7cbe854078d1ac9338744f61a02 -> 
  custom:video-encoder-webm-vp8: eb34c28f22e8b96e1ab97ce403110664 -> 
  custom:audio-encoder-webm-vorbis: bf7c407c2cedff20999df2af8eb42d56 -> 
  custom:framework-win-MediaFoundation: 216162199b28c13a410421893ffa2e32 -> 
  custom:container-demuxer-ogg: 62fdf1f143b41e24485cea50d1cbac27 -> 
  custom:video-decoder-webm-vp8: 9c59270c3fd7afecdb556c50c9e8de78 -> 
  custom:audio-decoder-ogg-vorbis: bf7c407c2cedff20999df2af8eb42d56 -> 
========================================================================
Received Import Request.
  Time since last request: 154087.930292 seconds.
  path: Assets/Scripts/UI/PieMenu.cs
  artifactKey: Guid(1bd62163515e3470eb2b619814affe1c) Importer(815301076,1909f56bfc062723c751e8b465ee728b)
Start importing Assets/Scripts/UI/PieMenu.cs using Guid(1bd62163515e3470eb2b619814affe1c) Importer(815301076,1909f56bfc062723c751e8b465ee728b)  -> (artifact id: 'fb9a29bf261125d26dadfe96eca9cd4c') in 0.111308 seconds 
========================================================================
Received Import Request.
  Time since last request: 207.489530 seconds.
  path: Assets/Scripts/EnergyMiniGame
  artifactKey: Guid(327a5ea1d62ec4efa82ba1f61809b55d) Importer(815301076,1909f56bfc062723c751e8b465ee728b)
Start importing Assets/Scripts/EnergyMiniGame using Guid(327a5ea1d62ec4efa82ba1f61809b55d) Importer(815301076,1909f56bfc062723c751e8b465ee728b)  -> (artifact id: 'fbfaa3f0edf11d858f7ffe20ac32c375') in 0.020557 seconds 
========================================================================
Received Import Request.
  Time since last request: 1.079646 seconds.
  path: Assets/Scripts/EnergyMiniGame/EnergyMiniGame.cs
  artifactKey: Guid(e61f5d6e6fa224db88e3054b447bd7f4) Importer(815301076,1909f56bfc062723c751e8b465ee728b)
Start importing Assets/Scripts/EnergyMiniGame/EnergyMiniGame.cs using Guid(e61f5d6e6fa224db88e3054b447bd7f4) Importer(815301076,1909f56bfc062723c751e8b465ee728b)  -> (artifact id: '484609b112c90fd1a8693c26861bfe96') in 0.005296 seconds 
========================================================================
Received Import Request.
  Time since last request: 0.540530 seconds.
  path: Assets/Scripts/EnergyMiniGame/Ghost.cs
  artifactKey: Guid(f75640c1728e8467ebbf6f957e1c466b) Importer(815301076,1909f56bfc062723c751e8b465ee728b)
Start importing Assets/Scripts/EnergyMiniGame/Ghost.cs using Guid(f75640c1728e8467ebbf6f957e1c466b) Importer(815301076,1909f56bfc062723c751e8b465ee728b)  -> (artifact id: 'e9274659e46fcbef07db4edadaed2c25') in 0.017947 seconds 
========================================================================
Received Import Request.
  Time since last request: 0.413867 seconds.
  path: Assets/Scripts/EnergyMiniGame/GhostSpawner.cs
  artifactKey: Guid(86ab3d08397b64c08aaad233d1c5cb5b) Importer(815301076,1909f56bfc062723c751e8b465ee728b)
Start importing Assets/Scripts/EnergyMiniGame/GhostSpawner.cs using Guid(86ab3d08397b64c08aaad233d1c5cb5b) Importer(815301076,1909f56bfc062723c751e8b465ee728b)  -> (artifact id: 'a368d26f917b6e838cd2351e3d1928ba') in 0.016007 seconds 
========================================================================
Received Import Request.
  Time since last request: 53.267860 seconds.
  path: Assets/Scripts/Controllers
  artifactKey: Guid(53a1de84200f84f429fbc0254589234b) Importer(815301076,1909f56bfc062723c751e8b465ee728b)
Start importing Assets/Scripts/Controllers using Guid(53a1de84200f84f429fbc0254589234b) Importer(815301076,1909f56bfc062723c751e8b465ee728b)  -> (artifact id: '574a29a669b6fad75cb3004cd2883487') in 0.018778 seconds 
========================================================================
Received Import Request.
  Time since last request: 2.634439 seconds.
  path: Assets/Scripts/HungerMiniGame
  artifactKey: Guid(a371779313c184ac1b1b7e2f869f7d96) Importer(815301076,1909f56bfc062723c751e8b465ee728b)
Start importing Assets/Scripts/HungerMiniGame using Guid(a371779313c184ac1b1b7e2f869f7d96) Importer(815301076,1909f56bfc062723c751e8b465ee728b)  -> (artifact id: '92c63ee190897970c27396052895a0f7') in 0.027936 seconds 
========================================================================
Received Import Request.
  Time since last request: 7.043762 seconds.
  path: Assets/Scripts/HungerMiniGame/Blade.cs
  artifactKey: Guid(7f5cbc92f42044d8ca73a94d5fc2fae6) Importer(815301076,1909f56bfc062723c751e8b465ee728b)
Start importing Assets/Scripts/HungerMiniGame/Blade.cs using Guid(7f5cbc92f42044d8ca73a94d5fc2fae6) Importer(815301076,1909f56bfc062723c751e8b465ee728b)  -> (artifact id: '1d50d7e5e5322a6fc82e4b12c05cf2af') in 0.014445 seconds 
========================================================================
Received Import Request.
  Time since last request: 2.617334 seconds.
  path: Assets/Scripts/HungerMiniGame/Fruit.cs
  artifactKey: Guid(4a7e2410cff7740a682f647886912eac) Importer(815301076,1909f56bfc062723c751e8b465ee728b)
Start importing Assets/Scripts/HungerMiniGame/Fruit.cs using Guid(4a7e2410cff7740a682f647886912eac) Importer(815301076,1909f56bfc062723c751e8b465ee728b)  -> (artifact id: 'b37a98e6d99547fac958459d97435ac2') in 0.017939 seconds 
========================================================================
Received Import Request.
  Time since last request: 0.823683 seconds.
  path: Assets/Scripts/HungerMiniGame/FruitSliced.cs
  artifactKey: Guid(46fa35b6a559b40a3b5bb9878f1bfd1c) Importer(815301076,1909f56bfc062723c751e8b465ee728b)
Start importing Assets/Scripts/HungerMiniGame/FruitSliced.cs using Guid(46fa35b6a559b40a3b5bb9878f1bfd1c) Importer(815301076,1909f56bfc062723c751e8b465ee728b)  -> (artifact id: '4ca3ff619df234e1562841f6004d6a45') in 0.015428 seconds 
========================================================================
Received Import Request.
  Time since last request: 3.155707 seconds.
  path: Assets/Scripts/HungerMiniGame/FruitSpawner.cs
  artifactKey: Guid(a9edf56c14361494d8cab4795c59227f) Importer(815301076,1909f56bfc062723c751e8b465ee728b)
Start importing Assets/Scripts/HungerMiniGame/FruitSpawner.cs using Guid(a9edf56c14361494d8cab4795c59227f) Importer(815301076,1909f56bfc062723c751e8b465ee728b)  -> (artifact id: 'a236d9fee00bd6510973a1f81d626774') in 0.021105 seconds 
========================================================================
Received Import Request.
  Time since last request: 1.625414 seconds.
  path: Assets/Scripts/HungerMiniGame/HungerMiniGame.cs
  artifactKey: Guid(dcdd65866e16248ae9c4cb0cd7f137f7) Importer(815301076,1909f56bfc062723c751e8b465ee728b)
Start importing Assets/Scripts/HungerMiniGame/HungerMiniGame.cs using Guid(dcdd65866e16248ae9c4cb0cd7f137f7) Importer(815301076,1909f56bfc062723c751e8b465ee728b)  -> (artifact id: '003ee1d59779419e7d3b891d3110fe98') in 0.009160 seconds 
========================================================================
Received Import Request.
  Time since last request: 844.411886 seconds.
  path: Assets/Scripts
  artifactKey: Guid(aab953928b2634829843ae91e3d0e518) Importer(815301076,1909f56bfc062723c751e8b465ee728b)
Start importing Assets/Scripts using Guid(aab953928b2634829843ae91e3d0e518) Importer(815301076,1909f56bfc062723c751e8b465ee728b)  -> (artifact id: '77940e7418aca43672dd021ae02c622c') in 0.020131 seconds 
========================================================================
Received Import Request.
  Time since last request: 45.724990 seconds.
  path: Assets/Scripts/intentoMiniGame
  artifactKey: Guid(d1546ee6f4f72834ba6948a13782634b) Importer(815301076,1909f56bfc062723c751e8b465ee728b)
Start importing Assets/Scripts/intentoMiniGame using Guid(d1546ee6f4f72834ba6948a13782634b) Importer(815301076,1909f56bfc062723c751e8b465ee728b)  -> (artifact id: '66c6db8f8336761b2d1d790591b60c6d') in 0.017461 seconds 
========================================================================
Received Import Request.
  Time since last request: 19.868374 seconds.
  path: Assets/Scripts/intentoMiniGame/EnergyMiniGame.cs
  artifactKey: Guid(2d96cd87dcca7474f99af6bf7d626a2a) Importer(815301076,1909f56bfc062723c751e8b465ee728b)
Start importing Assets/Scripts/intentoMiniGame/EnergyMiniGame.cs using Guid(2d96cd87dcca7474f99af6bf7d626a2a) Importer(815301076,1909f56bfc062723c751e8b465ee728b)  -> (artifact id: '1d15724da2dd0a836e904af922038775') in 0.016252 seconds 
========================================================================
Received Import Request.
  Time since last request: 43.923380 seconds.
  path: Assets/Scripts/intentoMiniGame/Ghost.cs
  artifactKey: Guid(9779b3bd33e1bfa4d897018a2cf34197) Importer(815301076,1909f56bfc062723c751e8b465ee728b)
Start importing Assets/Scripts/intentoMiniGame/Ghost.cs using Guid(9779b3bd33e1bfa4d897018a2cf34197) Importer(815301076,1909f56bfc062723c751e8b465ee728b)  -> (artifact id: '21c5b38803be68ddb86e5405614ebf0c') in 0.008317 seconds 
========================================================================
Received Import Request.
  Time since last request: 0.551727 seconds.
  path: Assets/Scripts/intentoMiniGame/GhostSpawner.cs
  artifactKey: Guid(c42162d9f4b4ef84fac2368f7314e725) Importer(815301076,1909f56bfc062723c751e8b465ee728b)
Start importing Assets/Scripts/intentoMiniGame/GhostSpawner.cs using Guid(c42162d9f4b4ef84fac2368f7314e725) Importer(815301076,1909f56bfc062723c751e8b465ee728b)  -> (artifact id: '0da9d1669636f0566512122687073dc4') in 0.008999 seconds 
========================================================================
Received Import Request.
  Time since last request: 12.130575 seconds.
  path: Assets/Scripts/intentoMiniGame/HealthMinigame.cs
  artifactKey: Guid(b8d07799de64859408f3f5ad48b39fb6) Importer(815301076,1909f56bfc062723c751e8b465ee728b)
Start importing Assets/Scripts/intentoMiniGame/HealthMinigame.cs using Guid(b8d07799de64859408f3f5ad48b39fb6) Importer(815301076,1909f56bfc062723c751e8b465ee728b)  -> (artifact id: '835dcb5977a64d4bec57b49a48964976') in 0.036303 seconds 
========================================================================
Received Prepare
Registering precompiled user dll's ...
Registered in 0.010021 seconds.
Begin MonoManager ReloadAssembly
Native extension for WindowsStandalone target not found
Native extension for WebGL target not found
Refreshing native plugins compatible for Editor in 1.35 ms, found 2 plugins.
Preloading 0 native plugins for Editor in 0.00 ms.
Mono: successfully reloaded assembly
- Completed reload, in  2.243 seconds
Domain Reload Profiling:
	ReloadAssembly (2244ms)
		BeginReloadAssembly (222ms)
			ExecutionOrderSort (0ms)
			DisableScriptedObjects (11ms)
			BackupInstance (0ms)
			ReleaseScriptingObjects (0ms)
			CreateAndSetChildDomain (66ms)
		EndReloadAssembly (1800ms)
			LoadAssemblies (154ms)
			RebuildTransferFunctionScriptingTraits (0ms)
			SetupTypeCache (491ms)
			ReleaseScriptCaches (2ms)
			RebuildScriptCaches (70ms)
			SetupLoadedEditorAssemblies (954ms)
				LogAssemblyErrors (0ms)
				InitializePlatformSupportModulesInManaged (43ms)
				SetLoadedEditorAssemblies (1ms)
				RefreshPlugins (2ms)
				BeforeProcessingInitializeOnLoad (132ms)
				ProcessInitializeOnLoadAttributes (481ms)
				ProcessInitializeOnLoadMethodAttributes (275ms)
				AfterProcessingInitializeOnLoad (19ms)
				EditorAssembliesLoaded (0ms)
			ExecutionOrderSort2 (0ms)
			AwakeInstancesAfterBackupRestoration (15ms)
Platform modules already initialized, skipping
Refreshing native plugins compatible for Editor in 10.05 ms, found 2 plugins.
Preloading 0 native plugins for Editor in 0.00 ms.
Unloading 2218 Unused Serialized files (Serialized files now loaded: 0)
Unloading 48 unused Assets / (25.9 KB). Loaded Objects now: 2664.
Memory consumption went from 84.6 MB to 84.5 MB.
Total: 9.748400 ms (FindLiveObjects: 0.337300 ms CreateObjectMapping: 0.146000 ms MarkObjects: 9.229500 ms  DeleteObjects: 0.034200 ms)

AssetImportParameters requested are different than current active one (requested -> active):
  custom:video-decoder-ogg-theora: a1e56fd34408186e4bbccfd4996cb3dc -> 
  custom:container-muxer-webm: aa71ff27fc2769a1b78a27578f13a17b -> 
  custom:container-demuxer-webm: 4f35f7cbe854078d1ac9338744f61a02 -> 
  custom:video-encoder-webm-vp8: eb34c28f22e8b96e1ab97ce403110664 -> 
  custom:audio-encoder-webm-vorbis: bf7c407c2cedff20999df2af8eb42d56 -> 
  custom:framework-win-MediaFoundation: 216162199b28c13a410421893ffa2e32 -> 
  custom:container-demuxer-ogg: 62fdf1f143b41e24485cea50d1cbac27 -> 
  custom:video-decoder-webm-vp8: 9c59270c3fd7afecdb556c50c9e8de78 -> 
  custom:audio-decoder-ogg-vorbis: bf7c407c2cedff20999df2af8eb42d56 -> 
========================================================================
Received Prepare
Registering precompiled user dll's ...
Registered in 0.012430 seconds.
Begin MonoManager ReloadAssembly
Native extension for WindowsStandalone target not found
Native extension for WebGL target not found
Refreshing native plugins compatible for Editor in 2.11 ms, found 2 plugins.
Preloading 0 native plugins for Editor in 0.00 ms.
Mono: successfully reloaded assembly
- Completed reload, in  3.819 seconds
Domain Reload Profiling:
	ReloadAssembly (3821ms)
		BeginReloadAssembly (275ms)
			ExecutionOrderSort (0ms)
			DisableScriptedObjects (26ms)
			BackupInstance (0ms)
			ReleaseScriptingObjects (0ms)
			CreateAndSetChildDomain (69ms)
		EndReloadAssembly (3293ms)
			LoadAssemblies (168ms)
			RebuildTransferFunctionScriptingTraits (0ms)
			SetupTypeCache (534ms)
			ReleaseScriptCaches (2ms)
			RebuildScriptCaches (190ms)
			SetupLoadedEditorAssemblies (2060ms)
				LogAssemblyErrors (0ms)
				InitializePlatformSupportModulesInManaged (157ms)
				SetLoadedEditorAssemblies (6ms)
				RefreshPlugins (2ms)
				BeforeProcessingInitializeOnLoad (269ms)
				ProcessInitializeOnLoadAttributes (993ms)
				ProcessInitializeOnLoadMethodAttributes (602ms)
				AfterProcessingInitializeOnLoad (30ms)
				EditorAssembliesLoaded (2ms)
			ExecutionOrderSort2 (0ms)
			AwakeInstancesAfterBackupRestoration (29ms)
Platform modules already initialized, skipping
Refreshing native plugins compatible for Editor in 18.14 ms, found 2 plugins.
Preloading 0 native plugins for Editor in 0.00 ms.
Unloading 2218 Unused Serialized files (Serialized files now loaded: 0)
Unloading 48 unused Assets / (25.9 KB). Loaded Objects now: 2667.
Memory consumption went from 84.6 MB to 84.5 MB.
Total: 16.520500 ms (FindLiveObjects: 0.614400 ms CreateObjectMapping: 0.699200 ms MarkObjects: 15.158500 ms  DeleteObjects: 0.046800 ms)

AssetImportParameters requested are different than current active one (requested -> active):
  custom:video-decoder-ogg-theora: a1e56fd34408186e4bbccfd4996cb3dc -> 
  custom:container-muxer-webm: aa71ff27fc2769a1b78a27578f13a17b -> 
  custom:container-demuxer-webm: 4f35f7cbe854078d1ac9338744f61a02 -> 
  custom:video-encoder-webm-vp8: eb34c28f22e8b96e1ab97ce403110664 -> 
  custom:audio-encoder-webm-vorbis: bf7c407c2cedff20999df2af8eb42d56 -> 
  custom:framework-win-MediaFoundation: 216162199b28c13a410421893ffa2e32 -> 
  custom:container-demuxer-ogg: 62fdf1f143b41e24485cea50d1cbac27 -> 
  custom:video-decoder-webm-vp8: 9c59270c3fd7afecdb556c50c9e8de78 -> 
  custom:audio-decoder-ogg-vorbis: bf7c407c2cedff20999df2af8eb42d56 -> 
========================================================================
Received Import Request.
  Time since last request: 750.463708 seconds.
  path: Assets/Scripts/intentoMiniGame/HealthMinigame.cs
  artifactKey: Guid(b8d07799de64859408f3f5ad48b39fb6) Importer(815301076,1909f56bfc062723c751e8b465ee728b)
Start importing Assets/Scripts/intentoMiniGame/HealthMinigame.cs using Guid(b8d07799de64859408f3f5ad48b39fb6) Importer(815301076,1909f56bfc062723c751e8b465ee728b)  -> (artifact id: 'ed2e4397ce75dc1fd59b9b253f13132b') in 0.016163 seconds 
========================================================================
Received Import Request.
  Time since last request: 135.968775 seconds.
  path: Assets/Scripts/intentoMiniGame/health.cs
  artifactKey: Guid(213556c4db9f55340aef22e805fa5a4d) Importer(815301076,1909f56bfc062723c751e8b465ee728b)
Start importing Assets/Scripts/intentoMiniGame/health.cs using Guid(213556c4db9f55340aef22e805fa5a4d) Importer(815301076,1909f56bfc062723c751e8b465ee728b)  -> (artifact id: '109041cb81d9ace216e4105de47e25ee') in 0.016345 seconds 
========================================================================
Received Import Request.
  Time since last request: 163.219336 seconds.
  path: Assets/Scripts/intentoMiniGame/HealthSpawner.cs
  artifactKey: Guid(e84e29b036f2f2f4fa685fa5219f263f) Importer(815301076,1909f56bfc062723c751e8b465ee728b)
Start importing Assets/Scripts/intentoMiniGame/HealthSpawner.cs using Guid(e84e29b036f2f2f4fa685fa5219f263f) Importer(815301076,1909f56bfc062723c751e8b465ee728b)  -> (artifact id: '6ce17f24159ea9ef19ffab7904403590') in 0.045501 seconds 
========================================================================
Received Prepare
Registering precompiled user dll's ...
Registered in 0.009164 seconds.
Begin MonoManager ReloadAssembly
Native extension for WindowsStandalone target not found
Native extension for WebGL target not found
Refreshing native plugins compatible for Editor in 1.38 ms, found 2 plugins.
Preloading 0 native plugins for Editor in 0.00 ms.
Mono: successfully reloaded assembly
- Completed reload, in  2.848 seconds
Domain Reload Profiling:
	ReloadAssembly (2850ms)
		BeginReloadAssembly (398ms)
			ExecutionOrderSort (0ms)
			DisableScriptedObjects (16ms)
			BackupInstance (0ms)
			ReleaseScriptingObjects (0ms)
			CreateAndSetChildDomain (93ms)
		EndReloadAssembly (2193ms)
			LoadAssemblies (217ms)
			RebuildTransferFunctionScriptingTraits (0ms)
			SetupTypeCache (525ms)
			ReleaseScriptCaches (1ms)
			RebuildScriptCaches (119ms)
			SetupLoadedEditorAssemblies (1183ms)
				LogAssemblyErrors (0ms)
				InitializePlatformSupportModulesInManaged (39ms)
				SetLoadedEditorAssemblies (1ms)
				RefreshPlugins (2ms)
				BeforeProcessingInitializeOnLoad (128ms)
				ProcessInitializeOnLoadAttributes (529ms)
				ProcessInitializeOnLoadMethodAttributes (469ms)
				AfterProcessingInitializeOnLoad (14ms)
				EditorAssembliesLoaded (0ms)
			ExecutionOrderSort2 (0ms)
			AwakeInstancesAfterBackupRestoration (32ms)
Platform modules already initialized, skipping
Refreshing native plugins compatible for Editor in 6.89 ms, found 2 plugins.
Preloading 0 native plugins for Editor in 0.00 ms.
Unloading 2220 Unused Serialized files (Serialized files now loaded: 0)
Unloading 48 unused Assets / (25.9 KB). Loaded Objects now: 2672.
Memory consumption went from 84.6 MB to 84.6 MB.
Total: 10.725800 ms (FindLiveObjects: 0.284600 ms CreateObjectMapping: 0.211000 ms MarkObjects: 10.189900 ms  DeleteObjects: 0.037400 ms)

AssetImportParameters requested are different than current active one (requested -> active):
  custom:video-decoder-ogg-theora: a1e56fd34408186e4bbccfd4996cb3dc -> 
  custom:container-muxer-webm: aa71ff27fc2769a1b78a27578f13a17b -> 
  custom:container-demuxer-webm: 4f35f7cbe854078d1ac9338744f61a02 -> 
  custom:video-encoder-webm-vp8: eb34c28f22e8b96e1ab97ce403110664 -> 
  custom:audio-encoder-webm-vorbis: bf7c407c2cedff20999df2af8eb42d56 -> 
  custom:framework-win-MediaFoundation: 216162199b28c13a410421893ffa2e32 -> 
  custom:container-demuxer-ogg: 62fdf1f143b41e24485cea50d1cbac27 -> 
  custom:video-decoder-webm-vp8: 9c59270c3fd7afecdb556c50c9e8de78 -> 
  custom:audio-decoder-ogg-vorbis: bf7c407c2cedff20999df2af8eb42d56 -> 
========================================================================
Received Import Request.
  Time since last request: 56.005220 seconds.
  path: Assets/Scripts/intentoMiniGame/HealthSpawner.cs
  artifactKey: Guid(e84e29b036f2f2f4fa685fa5219f263f) Importer(815301076,1909f56bfc062723c751e8b465ee728b)
Start importing Assets/Scripts/intentoMiniGame/HealthSpawner.cs using Guid(e84e29b036f2f2f4fa685fa5219f263f) Importer(815301076,1909f56bfc062723c751e8b465ee728b)  -> (artifact id: 'f142adf6d544032548413becbc783da0') in 0.017509 seconds 
========================================================================
Received Prepare
Registering precompiled user dll's ...
Registered in 0.038952 seconds.
Begin MonoManager ReloadAssembly
Native extension for WindowsStandalone target not found
Native extension for WebGL target not found
Refreshing native plugins compatible for Editor in 1.76 ms, found 2 plugins.
Preloading 0 native plugins for Editor in 0.00 ms.
Mono: successfully reloaded assembly
- Completed reload, in  2.762 seconds
Domain Reload Profiling:
	ReloadAssembly (2764ms)
		BeginReloadAssembly (331ms)
			ExecutionOrderSort (0ms)
			DisableScriptedObjects (11ms)
			BackupInstance (0ms)
			ReleaseScriptingObjects (0ms)
			CreateAndSetChildDomain (100ms)
		EndReloadAssembly (2166ms)
			LoadAssemblies (197ms)
			RebuildTransferFunctionScriptingTraits (0ms)
			SetupTypeCache (394ms)
			ReleaseScriptCaches (2ms)
			RebuildScriptCaches (66ms)
			SetupLoadedEditorAssemblies (1144ms)
				LogAssemblyErrors (0ms)
				InitializePlatformSupportModulesInManaged (37ms)
				SetLoadedEditorAssemblies (2ms)
				RefreshPlugins (2ms)
				BeforeProcessingInitializeOnLoad (117ms)
				ProcessInitializeOnLoadAttributes (622ms)
				ProcessInitializeOnLoadMethodAttributes (351ms)
				AfterProcessingInitializeOnLoad (13ms)
				EditorAssembliesLoaded (0ms)
			ExecutionOrderSort2 (0ms)
			AwakeInstancesAfterBackupRestoration (13ms)
Platform modules already initialized, skipping
Refreshing native plugins compatible for Editor in 12.28 ms, found 2 plugins.
Preloading 0 native plugins for Editor in 0.00 ms.
Unloading 2220 Unused Serialized files (Serialized files now loaded: 0)
Unloading 48 unused Assets / (25.9 KB). Loaded Objects now: 2675.
Memory consumption went from 84.6 MB to 84.6 MB.
Total: 14.313900 ms (FindLiveObjects: 0.438600 ms CreateObjectMapping: 0.170100 ms MarkObjects: 13.667800 ms  DeleteObjects: 0.035600 ms)

AssetImportParameters requested are different than current active one (requested -> active):
  custom:video-decoder-ogg-theora: a1e56fd34408186e4bbccfd4996cb3dc -> 
  custom:container-muxer-webm: aa71ff27fc2769a1b78a27578f13a17b -> 
  custom:container-demuxer-webm: 4f35f7cbe854078d1ac9338744f61a02 -> 
  custom:video-encoder-webm-vp8: eb34c28f22e8b96e1ab97ce403110664 -> 
  custom:audio-encoder-webm-vorbis: bf7c407c2cedff20999df2af8eb42d56 -> 
  custom:framework-win-MediaFoundation: 216162199b28c13a410421893ffa2e32 -> 
  custom:container-demuxer-ogg: 62fdf1f143b41e24485cea50d1cbac27 -> 
  custom:video-decoder-webm-vp8: 9c59270c3fd7afecdb556c50c9e8de78 -> 
  custom:audio-decoder-ogg-vorbis: bf7c407c2cedff20999df2af8eb42d56 -> 
========================================================================
Received Import Request.
  Time since last request: 58.522197 seconds.
  path: Assets/Scripts/intentoMiniGame/HealthMinigame.cs
  artifactKey: Guid(b8d07799de64859408f3f5ad48b39fb6) Importer(815301076,1909f56bfc062723c751e8b465ee728b)
Start importing Assets/Scripts/intentoMiniGame/HealthMinigame.cs using Guid(b8d07799de64859408f3f5ad48b39fb6) Importer(815301076,1909f56bfc062723c751e8b465ee728b)  -> (artifact id: '82b95d22f981d03ee85cfaad8a862349') in 0.017595 seconds 
========================================================================
Received Import Request.
  Time since last request: 40.075613 seconds.
  path: Assets/Scripts/HealthMiniGame
  artifactKey: Guid(d1546ee6f4f72834ba6948a13782634b) Importer(815301076,1909f56bfc062723c751e8b465ee728b)
Start importing Assets/Scripts/HealthMiniGame using Guid(d1546ee6f4f72834ba6948a13782634b) Importer(815301076,1909f56bfc062723c751e8b465ee728b)  -> (artifact id: '5c0f4f170518a9ca79376ce228b2626b') in 0.028543 seconds 
========================================================================
Received Prepare
Registering precompiled user dll's ...
Registered in 0.012481 seconds.
Begin MonoManager ReloadAssembly
Native extension for WindowsStandalone target not found
Native extension for WebGL target not found
Refreshing native plugins compatible for Editor in 0.94 ms, found 2 plugins.
Preloading 0 native plugins for Editor in 0.00 ms.
Mono: successfully reloaded assembly
- Completed reload, in  2.026 seconds
Domain Reload Profiling:
	ReloadAssembly (2027ms)
		BeginReloadAssembly (252ms)
			ExecutionOrderSort (0ms)
			DisableScriptedObjects (15ms)
			BackupInstance (0ms)
			ReleaseScriptingObjects (0ms)
			CreateAndSetChildDomain (71ms)
		EndReloadAssembly (1552ms)
			LoadAssemblies (153ms)
			RebuildTransferFunctionScriptingTraits (0ms)
			SetupTypeCache (411ms)
			ReleaseScriptCaches (2ms)
			RebuildScriptCaches (100ms)
			SetupLoadedEditorAssemblies (812ms)
				LogAssemblyErrors (0ms)
				InitializePlatformSupportModulesInManaged (24ms)
				SetLoadedEditorAssemblies (1ms)
				RefreshPlugins (1ms)
				BeforeProcessingInitializeOnLoad (100ms)
				ProcessInitializeOnLoadAttributes (403ms)
				ProcessInitializeOnLoadMethodAttributes (270ms)
				AfterProcessingInitializeOnLoad (13ms)
				EditorAssembliesLoaded (0ms)
			ExecutionOrderSort2 (0ms)
			AwakeInstancesAfterBackupRestoration (16ms)
Platform modules already initialized, skipping
Refreshing native plugins compatible for Editor in 13.41 ms, found 2 plugins.
Preloading 0 native plugins for Editor in 0.00 ms.
Unloading 2220 Unused Serialized files (Serialized files now loaded: 0)
Unloading 48 unused Assets / (25.9 KB). Loaded Objects now: 2678.
Memory consumption went from 84.5 MB to 84.5 MB.
Total: 9.605000 ms (FindLiveObjects: 0.299200 ms CreateObjectMapping: 0.112500 ms MarkObjects: 9.145800 ms  DeleteObjects: 0.045300 ms)

AssetImportParameters requested are different than current active one (requested -> active):
  custom:video-decoder-ogg-theora: a1e56fd34408186e4bbccfd4996cb3dc -> 
  custom:container-muxer-webm: aa71ff27fc2769a1b78a27578f13a17b -> 
  custom:container-demuxer-webm: 4f35f7cbe854078d1ac9338744f61a02 -> 
  custom:video-encoder-webm-vp8: eb34c28f22e8b96e1ab97ce403110664 -> 
  custom:audio-encoder-webm-vorbis: bf7c407c2cedff20999df2af8eb42d56 -> 
  custom:framework-win-MediaFoundation: 216162199b28c13a410421893ffa2e32 -> 
  custom:container-demuxer-ogg: 62fdf1f143b41e24485cea50d1cbac27 -> 
  custom:video-decoder-webm-vp8: 9c59270c3fd7afecdb556c50c9e8de78 -> 
  custom:audio-decoder-ogg-vorbis: bf7c407c2cedff20999df2af8eb42d56 -> 
========================================================================
Received Import Request.
  Time since last request: 59.825154 seconds.
  path: Assets/Scripts/HealthMiniGame/HealthMinigame.cs
  artifactKey: Guid(b8d07799de64859408f3f5ad48b39fb6) Importer(815301076,1909f56bfc062723c751e8b465ee728b)
Start importing Assets/Scripts/HealthMiniGame/HealthMinigame.cs using Guid(b8d07799de64859408f3f5ad48b39fb6) Importer(815301076,1909f56bfc062723c751e8b465ee728b)  -> (artifact id: '703d00365251d78d1ed70ce161261c9f') in 0.143359 seconds 
========================================================================
Received Import Request.
  Time since last request: 54.062442 seconds.
  path: Assets/Scripts/HealthMiniGame/NewBehaviourScript.cs
  artifactKey: Guid(f2760053eaaf68842882bc82111e16dc) Importer(815301076,1909f56bfc062723c751e8b465ee728b)
Start importing Assets/Scripts/HealthMiniGame/NewBehaviourScript.cs using Guid(f2760053eaaf68842882bc82111e16dc) Importer(815301076,1909f56bfc062723c751e8b465ee728b)  -> (artifact id: 'c664afe811ae48c2c034017c0eb68b16') in 0.013624 seconds 
========================================================================
Received Import Request.
  Time since last request: 216.261117 seconds.
  path: Assets/Scripts/World/Eye.cs
  artifactKey: Guid(3839a6f087026403abd6c99f98db1d0d) Importer(815301076,1909f56bfc062723c751e8b465ee728b)
Start importing Assets/Scripts/World/Eye.cs using Guid(3839a6f087026403abd6c99f98db1d0d) Importer(815301076,1909f56bfc062723c751e8b465ee728b)  -> (artifact id: 'ea99b790b0c43370c90f9de783cf6bf7') in 0.015400 seconds 
========================================================================
Received Import Request.
  Time since last request: 11.220037 seconds.
  path: Assets/Scripts/UI/Button.cs
  artifactKey: Guid(446ae8591066c43a9a6c905270db355e) Importer(815301076,1909f56bfc062723c751e8b465ee728b)
Start importing Assets/Scripts/UI/Button.cs using Guid(446ae8591066c43a9a6c905270db355e) Importer(815301076,1909f56bfc062723c751e8b465ee728b)  -> (artifact id: '2dc91f5501c2fcfaa9eeb8e3a4442921') in 0.015947 seconds 
========================================================================
Received Import Request.
  Time since last request: 1.164549 seconds.
  path: Assets/Scripts/UI/MainMenu.cs
  artifactKey: Guid(14d1dabb0aa1842d0a2a7fc415003424) Importer(815301076,1909f56bfc062723c751e8b465ee728b)
Start importing Assets/Scripts/UI/MainMenu.cs using Guid(14d1dabb0aa1842d0a2a7fc415003424) Importer(815301076,1909f56bfc062723c751e8b465ee728b)  -> (artifact id: '7bba4e2b216746b388a3281b1627c94d') in 0.015517 seconds 
========================================================================
Received Import Request.
  Time since last request: 3.679220 seconds.
  path: Assets/Scripts/UI/ToolTip.cs
  artifactKey: Guid(794cf9efe9ee5440d865649f2ce54b97) Importer(815301076,1909f56bfc062723c751e8b465ee728b)
Start importing Assets/Scripts/UI/ToolTip.cs using Guid(794cf9efe9ee5440d865649f2ce54b97) Importer(815301076,1909f56bfc062723c751e8b465ee728b)  -> (artifact id: 'c595e4a8ce4822f2068c503202fc8b7a') in 0.015487 seconds 
========================================================================
Received Import Request.
  Time since last request: 33.664176 seconds.
  path: Assets/Scripts/HealthMiniGame/health.cs
  artifactKey: Guid(213556c4db9f55340aef22e805fa5a4d) Importer(815301076,1909f56bfc062723c751e8b465ee728b)
Start importing Assets/Scripts/HealthMiniGame/health.cs using Guid(213556c4db9f55340aef22e805fa5a4d) Importer(815301076,1909f56bfc062723c751e8b465ee728b)  -> (artifact id: '3364669a000445f33472bc34617ccd94') in 0.015601 seconds 
========================================================================
Received Import Request.
  Time since last request: 547.215876 seconds.
  path: Assets/Scripts/HealthMiniGame/health.cs
  artifactKey: Guid(213556c4db9f55340aef22e805fa5a4d) Importer(815301076,1909f56bfc062723c751e8b465ee728b)
Start importing Assets/Scripts/HealthMiniGame/health.cs using Guid(213556c4db9f55340aef22e805fa5a4d) Importer(815301076,1909f56bfc062723c751e8b465ee728b)  -> (artifact id: '81e046265fec7df106d466deb4429a49') in 0.015696 seconds 
========================================================================
Received Import Request.
  Time since last request: 6.087709 seconds.
  path: Assets/Scripts/HealthMiniGame/Health.cs
  artifactKey: Guid(213556c4db9f55340aef22e805fa5a4d) Importer(815301076,1909f56bfc062723c751e8b465ee728b)
Start importing Assets/Scripts/HealthMiniGame/Health.cs using Guid(213556c4db9f55340aef22e805fa5a4d) Importer(815301076,1909f56bfc062723c751e8b465ee728b)  -> (artifact id: 'e4587cd77ff4e6a8a9f01a5cf6b19480') in 0.017227 seconds 
========================================================================
Received Import Request.
  Time since last request: 10.447659 seconds.
  path: Assets/Scripts/HealthMiniGame/HealthMinigame.cs
  artifactKey: Guid(b8d07799de64859408f3f5ad48b39fb6) Importer(815301076,1909f56bfc062723c751e8b465ee728b)
Start importing Assets/Scripts/HealthMiniGame/HealthMinigame.cs using Guid(b8d07799de64859408f3f5ad48b39fb6) Importer(815301076,1909f56bfc062723c751e8b465ee728b)  -> (artifact id: 'a66b190484f07cd948903028b383f265') in 0.018578 seconds 
========================================================================
Received Prepare
Registering precompiled user dll's ...
Registered in 0.011656 seconds.
Begin MonoManager ReloadAssembly
Native extension for WindowsStandalone target not found
Native extension for WebGL target not found
Refreshing native plugins compatible for Editor in 0.95 ms, found 2 plugins.
Preloading 0 native plugins for Editor in 0.00 ms.
Mono: successfully reloaded assembly
- Completed reload, in  2.096 seconds
Domain Reload Profiling:
	ReloadAssembly (2097ms)
		BeginReloadAssembly (211ms)
			ExecutionOrderSort (0ms)
			DisableScriptedObjects (11ms)
			BackupInstance (0ms)
			ReleaseScriptingObjects (0ms)
			CreateAndSetChildDomain (58ms)
		EndReloadAssembly (1708ms)
			LoadAssemblies (201ms)
			RebuildTransferFunctionScriptingTraits (0ms)
			SetupTypeCache (379ms)
			ReleaseScriptCaches (1ms)
			RebuildScriptCaches (94ms)
			SetupLoadedEditorAssemblies (899ms)
				LogAssemblyErrors (0ms)
				InitializePlatformSupportModulesInManaged (25ms)
				SetLoadedEditorAssemblies (1ms)
				RefreshPlugins (1ms)
				BeforeProcessingInitializeOnLoad (113ms)
				ProcessInitializeOnLoadAttributes (458ms)
				ProcessInitializeOnLoadMethodAttributes (284ms)
				AfterProcessingInitializeOnLoad (17ms)
				EditorAssembliesLoaded (0ms)
			ExecutionOrderSort2 (0ms)
			AwakeInstancesAfterBackupRestoration (18ms)
Platform modules already initialized, skipping
Refreshing native plugins compatible for Editor in 9.73 ms, found 2 plugins.
Preloading 0 native plugins for Editor in 0.00 ms.
Unloading 2217 Unused Serialized files (Serialized files now loaded: 0)
Unloading 51 unused Assets / (25.9 KB). Loaded Objects now: 2678.
Memory consumption went from 84.6 MB to 84.6 MB.
Total: 9.907700 ms (FindLiveObjects: 0.216900 ms CreateObjectMapping: 0.104800 ms MarkObjects: 9.544800 ms  DeleteObjects: 0.039700 ms)

AssetImportParameters requested are different than current active one (requested -> active):
  custom:video-decoder-ogg-theora: a1e56fd34408186e4bbccfd4996cb3dc -> 
  custom:container-muxer-webm: aa71ff27fc2769a1b78a27578f13a17b -> 
  custom:container-demuxer-webm: 4f35f7cbe854078d1ac9338744f61a02 -> 
  custom:video-encoder-webm-vp8: eb34c28f22e8b96e1ab97ce403110664 -> 
  custom:audio-encoder-webm-vorbis: bf7c407c2cedff20999df2af8eb42d56 -> 
  custom:framework-win-MediaFoundation: 216162199b28c13a410421893ffa2e32 -> 
  custom:container-demuxer-ogg: 62fdf1f143b41e24485cea50d1cbac27 -> 
  custom:video-decoder-webm-vp8: 9c59270c3fd7afecdb556c50c9e8de78 -> 
  custom:audio-decoder-ogg-vorbis: bf7c407c2cedff20999df2af8eb42d56 -> 
========================================================================
Received Import Request.
  Time since last request: 83.095404 seconds.
  path: Assets/Scripts/HealthMiniGame/HealthMiniGame.cs
  artifactKey: Guid(b8d07799de64859408f3f5ad48b39fb6) Importer(815301076,1909f56bfc062723c751e8b465ee728b)
Start importing Assets/Scripts/HealthMiniGame/HealthMiniGame.cs using Guid(b8d07799de64859408f3f5ad48b39fb6) Importer(815301076,1909f56bfc062723c751e8b465ee728b)  -> (artifact id: 'fc329e6f07965dac9a0be067a750994e') in 0.027509 seconds 
========================================================================
Received Prepare
Registering precompiled user dll's ...
Registered in 0.012176 seconds.
Begin MonoManager ReloadAssembly
Native extension for WindowsStandalone target not found
Native extension for WebGL target not found
Refreshing native plugins compatible for Editor in 1.31 ms, found 2 plugins.
Preloading 0 native plugins for Editor in 0.00 ms.
Mono: successfully reloaded assembly
- Completed reload, in  2.205 seconds
Domain Reload Profiling:
	ReloadAssembly (2206ms)
		BeginReloadAssembly (209ms)
			ExecutionOrderSort (0ms)
			DisableScriptedObjects (11ms)
			BackupInstance (0ms)
			ReleaseScriptingObjects (0ms)
			CreateAndSetChildDomain (57ms)
		EndReloadAssembly (1818ms)
			LoadAssemblies (135ms)
			RebuildTransferFunctionScriptingTraits (0ms)
			SetupTypeCache (496ms)
			ReleaseScriptCaches (2ms)
			RebuildScriptCaches (85ms)
			SetupLoadedEditorAssemblies (963ms)
				LogAssemblyErrors (0ms)
				InitializePlatformSupportModulesInManaged (39ms)
				SetLoadedEditorAssemblies (1ms)
				RefreshPlugins (2ms)
				BeforeProcessingInitializeOnLoad (138ms)
				ProcessInitializeOnLoadAttributes (484ms)
				ProcessInitializeOnLoadMethodAttributes (278ms)
				AfterProcessingInitializeOnLoad (20ms)
				EditorAssembliesLoaded (0ms)
			ExecutionOrderSort2 (0ms)
			AwakeInstancesAfterBackupRestoration (14ms)
Platform modules already initialized, skipping
Refreshing native plugins compatible for Editor in 6.95 ms, found 2 plugins.
Preloading 0 native plugins for Editor in 0.00 ms.
Unloading 2218 Unused Serialized files (Serialized files now loaded: 0)
Unloading 48 unused Assets / (25.9 KB). Loaded Objects now: 2682.
Memory consumption went from 84.6 MB to 84.6 MB.
Total: 9.911500 ms (FindLiveObjects: 0.411400 ms CreateObjectMapping: 0.201200 ms MarkObjects: 9.241700 ms  DeleteObjects: 0.055700 ms)

AssetImportParameters requested are different than current active one (requested -> active):
  custom:video-decoder-ogg-theora: a1e56fd34408186e4bbccfd4996cb3dc -> 
  custom:container-muxer-webm: aa71ff27fc2769a1b78a27578f13a17b -> 
  custom:container-demuxer-webm: 4f35f7cbe854078d1ac9338744f61a02 -> 
  custom:video-encoder-webm-vp8: eb34c28f22e8b96e1ab97ce403110664 -> 
  custom:audio-encoder-webm-vorbis: bf7c407c2cedff20999df2af8eb42d56 -> 
  custom:framework-win-MediaFoundation: 216162199b28c13a410421893ffa2e32 -> 
  custom:container-demuxer-ogg: 62fdf1f143b41e24485cea50d1cbac27 -> 
  custom:video-decoder-webm-vp8: 9c59270c3fd7afecdb556c50c9e8de78 -> 
  custom:audio-decoder-ogg-vorbis: bf7c407c2cedff20999df2af8eb42d56 -> 
========================================================================
Received Import Request.
  Time since last request: 11.839206 seconds.
  path: Assets/Scripts/HealthMiniGame/Health.cs
  artifactKey: Guid(213556c4db9f55340aef22e805fa5a4d) Importer(815301076,1909f56bfc062723c751e8b465ee728b)
Start importing Assets/Scripts/HealthMiniGame/Health.cs using Guid(213556c4db9f55340aef22e805fa5a4d) Importer(815301076,1909f56bfc062723c751e8b465ee728b)  -> (artifact id: 'a3b0d2041a42d4ac47cfa207481207ba') in 0.021043 seconds 
========================================================================
Received Prepare
Registering precompiled user dll's ...
Registered in 0.010081 seconds.
Begin MonoManager ReloadAssembly
Native extension for WindowsStandalone target not found
Native extension for WebGL target not found
Refreshing native plugins compatible for Editor in 1.05 ms, found 2 plugins.
Preloading 0 native plugins for Editor in 0.00 ms.
Mono: successfully reloaded assembly
- Completed reload, in  2.213 seconds
Domain Reload Profiling:
	ReloadAssembly (2214ms)
		BeginReloadAssembly (205ms)
			ExecutionOrderSort (0ms)
			DisableScriptedObjects (13ms)
			BackupInstance (0ms)
			ReleaseScriptingObjects (0ms)
			CreateAndSetChildDomain (57ms)
		EndReloadAssembly (1832ms)
			LoadAssemblies (129ms)
			RebuildTransferFunctionScriptingTraits (0ms)
			SetupTypeCache (504ms)
			ReleaseScriptCaches (2ms)
			RebuildScriptCaches (104ms)
			SetupLoadedEditorAssemblies (966ms)
				LogAssemblyErrors (0ms)
				InitializePlatformSupportModulesInManaged (32ms)
				SetLoadedEditorAssemblies (1ms)
				RefreshPlugins (1ms)
				BeforeProcessingInitializeOnLoad (165ms)
				ProcessInitializeOnLoadAttributes (460ms)
				ProcessInitializeOnLoadMethodAttributes (288ms)
				AfterProcessingInitializeOnLoad (18ms)
				EditorAssembliesLoaded (0ms)
			ExecutionOrderSort2 (0ms)
			AwakeInstancesAfterBackupRestoration (18ms)
Platform modules already initialized, skipping
Refreshing native plugins compatible for Editor in 11.39 ms, found 2 plugins.
Preloading 0 native plugins for Editor in 0.00 ms.
Unloading 2219 Unused Serialized files (Serialized files now loaded: 0)
Unloading 48 unused Assets / (25.9 KB). Loaded Objects now: 2686.
Memory consumption went from 84.7 MB to 84.7 MB.
Total: 10.610300 ms (FindLiveObjects: 0.225500 ms CreateObjectMapping: 0.114700 ms MarkObjects: 10.226800 ms  DeleteObjects: 0.042000 ms)

AssetImportParameters requested are different than current active one (requested -> active):
  custom:video-decoder-ogg-theora: a1e56fd34408186e4bbccfd4996cb3dc -> 
  custom:container-muxer-webm: aa71ff27fc2769a1b78a27578f13a17b -> 
  custom:container-demuxer-webm: 4f35f7cbe854078d1ac9338744f61a02 -> 
  custom:video-encoder-webm-vp8: eb34c28f22e8b96e1ab97ce403110664 -> 
  custom:audio-encoder-webm-vorbis: bf7c407c2cedff20999df2af8eb42d56 -> 
  custom:framework-win-MediaFoundation: 216162199b28c13a410421893ffa2e32 -> 
  custom:container-demuxer-ogg: 62fdf1f143b41e24485cea50d1cbac27 -> 
  custom:video-decoder-webm-vp8: 9c59270c3fd7afecdb556c50c9e8de78 -> 
  custom:audio-decoder-ogg-vorbis: bf7c407c2cedff20999df2af8eb42d56 -> 
========================================================================
Received Prepare
Registering precompiled user dll's ...
Registered in 0.010665 seconds.
Begin MonoManager ReloadAssembly
Native extension for WindowsStandalone target not found
Native extension for WebGL target not found
Refreshing native plugins compatible for Editor in 1.05 ms, found 2 plugins.
Preloading 0 native plugins for Editor in 0.00 ms.
Mono: successfully reloaded assembly
- Completed reload, in  2.127 seconds
Domain Reload Profiling:
	ReloadAssembly (2129ms)
		BeginReloadAssembly (202ms)
			ExecutionOrderSort (0ms)
			DisableScriptedObjects (13ms)
			BackupInstance (0ms)
			ReleaseScriptingObjects (0ms)
			CreateAndSetChildDomain (57ms)
		EndReloadAssembly (1747ms)
			LoadAssemblies (130ms)
			RebuildTransferFunctionScriptingTraits (0ms)
			SetupTypeCache (443ms)
			ReleaseScriptCaches (2ms)
			RebuildScriptCaches (85ms)
			SetupLoadedEditorAssemblies (944ms)
				LogAssemblyErrors (0ms)
				InitializePlatformSupportModulesInManaged (32ms)
				SetLoadedEditorAssemblies (1ms)
				RefreshPlugins (1ms)
				BeforeProcessingInitializeOnLoad (145ms)
				ProcessInitializeOnLoadAttributes (469ms)
				ProcessInitializeOnLoadMethodAttributes (275ms)
				AfterProcessingInitializeOnLoad (20ms)
				EditorAssembliesLoaded (0ms)
			ExecutionOrderSort2 (0ms)
			AwakeInstancesAfterBackupRestoration (19ms)
Platform modules already initialized, skipping
Refreshing native plugins compatible for Editor in 11.30 ms, found 2 plugins.
Preloading 0 native plugins for Editor in 0.00 ms.
Unloading 2220 Unused Serialized files (Serialized files now loaded: 0)
Unloading 48 unused Assets / (25.9 KB). Loaded Objects now: 2690.
Memory consumption went from 84.8 MB to 84.7 MB.
Total: 10.023000 ms (FindLiveObjects: 0.230100 ms CreateObjectMapping: 0.116400 ms MarkObjects: 9.619900 ms  DeleteObjects: 0.054900 ms)

AssetImportParameters requested are different than current active one (requested -> active):
  custom:video-decoder-ogg-theora: a1e56fd34408186e4bbccfd4996cb3dc -> 
  custom:container-muxer-webm: aa71ff27fc2769a1b78a27578f13a17b -> 
  custom:container-demuxer-webm: 4f35f7cbe854078d1ac9338744f61a02 -> 
  custom:video-encoder-webm-vp8: eb34c28f22e8b96e1ab97ce403110664 -> 
  custom:audio-encoder-webm-vorbis: bf7c407c2cedff20999df2af8eb42d56 -> 
  custom:framework-win-MediaFoundation: 216162199b28c13a410421893ffa2e32 -> 
  custom:container-demuxer-ogg: 62fdf1f143b41e24485cea50d1cbac27 -> 
  custom:video-decoder-webm-vp8: 9c59270c3fd7afecdb556c50c9e8de78 -> 
  custom:audio-decoder-ogg-vorbis: bf7c407c2cedff20999df2af8eb42d56 -> 
========================================================================
Received Import Request.
  Time since last request: 93.836873 seconds.
  path: Assets/Scripts/HealthMiniGame/HealthMiniGame.cs
  artifactKey: Guid(b8d07799de64859408f3f5ad48b39fb6) Importer(815301076,1909f56bfc062723c751e8b465ee728b)
Start importing Assets/Scripts/HealthMiniGame/HealthMiniGame.cs using Guid(b8d07799de64859408f3f5ad48b39fb6) Importer(815301076,1909f56bfc062723c751e8b465ee728b)  -> (artifact id: '6b147b3bd96b3aad6d4fbc0793e89087') in 0.023625 seconds 
========================================================================
Received Prepare
Registering precompiled user dll's ...
Registered in 0.014854 seconds.
Begin MonoManager ReloadAssembly
Native extension for WindowsStandalone target not found
Native extension for WebGL target not found
Refreshing native plugins compatible for Editor in 1.06 ms, found 2 plugins.
Preloading 0 native plugins for Editor in 0.00 ms.
Mono: successfully reloaded assembly
- Completed reload, in  2.341 seconds
Domain Reload Profiling:
	ReloadAssembly (2342ms)
		BeginReloadAssembly (211ms)
			ExecutionOrderSort (0ms)
			DisableScriptedObjects (10ms)
			BackupInstance (0ms)
			ReleaseScriptingObjects (0ms)
			CreateAndSetChildDomain (57ms)
		EndReloadAssembly (1939ms)
			LoadAssemblies (151ms)
			RebuildTransferFunctionScriptingTraits (0ms)
			SetupTypeCache (473ms)
			ReleaseScriptCaches (2ms)
			RebuildScriptCaches (93ms)
			SetupLoadedEditorAssemblies (1078ms)
				LogAssemblyErrors (0ms)
				InitializePlatformSupportModulesInManaged (25ms)
				SetLoadedEditorAssemblies (1ms)
				RefreshPlugins (1ms)
				BeforeProcessingInitializeOnLoad (153ms)
				ProcessInitializeOnLoadAttributes (564ms)
				ProcessInitializeOnLoadMethodAttributes (313ms)
				AfterProcessingInitializeOnLoad (20ms)
				EditorAssembliesLoaded (0ms)
			ExecutionOrderSort2 (0ms)
			AwakeInstancesAfterBackupRestoration (19ms)
Platform modules already initialized, skipping
Refreshing native plugins compatible for Editor in 8.94 ms, found 2 plugins.
Preloading 0 native plugins for Editor in 0.00 ms.
Unloading 2220 Unused Serialized files (Serialized files now loaded: 0)
Unloading 48 unused Assets / (25.9 KB). Loaded Objects now: 2693.
Memory consumption went from 84.7 MB to 84.7 MB.
Total: 10.732600 ms (FindLiveObjects: 0.380100 ms CreateObjectMapping: 0.227400 ms MarkObjects: 10.076100 ms  DeleteObjects: 0.046800 ms)

AssetImportParameters requested are different than current active one (requested -> active):
  custom:video-decoder-ogg-theora: a1e56fd34408186e4bbccfd4996cb3dc -> 
  custom:container-muxer-webm: aa71ff27fc2769a1b78a27578f13a17b -> 
  custom:container-demuxer-webm: 4f35f7cbe854078d1ac9338744f61a02 -> 
  custom:video-encoder-webm-vp8: eb34c28f22e8b96e1ab97ce403110664 -> 
  custom:audio-encoder-webm-vorbis: bf7c407c2cedff20999df2af8eb42d56 -> 
  custom:framework-win-MediaFoundation: 216162199b28c13a410421893ffa2e32 -> 
  custom:container-demuxer-ogg: 62fdf1f143b41e24485cea50d1cbac27 -> 
  custom:video-decoder-webm-vp8: 9c59270c3fd7afecdb556c50c9e8de78 -> 
  custom:audio-decoder-ogg-vorbis: bf7c407c2cedff20999df2af8eb42d56 -> 
========================================================================
Received Import Request.
  Time since last request: 51.848818 seconds.
  path: Assets/Scripts/HealthMiniGame/HealthMiniGame.cs
  artifactKey: Guid(b8d07799de64859408f3f5ad48b39fb6) Importer(815301076,1909f56bfc062723c751e8b465ee728b)
Start importing Assets/Scripts/HealthMiniGame/HealthMiniGame.cs using Guid(b8d07799de64859408f3f5ad48b39fb6) Importer(815301076,1909f56bfc062723c751e8b465ee728b)  -> (artifact id: '25a6eb0205ef9f0e285ec5c7d9de5ef7') in 0.027613 seconds 
========================================================================
Received Import Request.
  Time since last request: 38.163220 seconds.
  path: Assets/Scripts/HealthMiniGame/Health.cs
  artifactKey: Guid(213556c4db9f55340aef22e805fa5a4d) Importer(815301076,1909f56bfc062723c751e8b465ee728b)
Start importing Assets/Scripts/HealthMiniGame/Health.cs using Guid(213556c4db9f55340aef22e805fa5a4d) Importer(815301076,1909f56bfc062723c751e8b465ee728b)  -> (artifact id: '122e98c4daa6c0932ab00d525e7f8bba') in 0.082479 seconds 
========================================================================
Received Import Request.
  Time since last request: 90.549514 seconds.
  path: Assets/Scripts/HealthMiniGame/Health.cs
  artifactKey: Guid(213556c4db9f55340aef22e805fa5a4d) Importer(815301076,1909f56bfc062723c751e8b465ee728b)
Start importing Assets/Scripts/HealthMiniGame/Health.cs using Guid(213556c4db9f55340aef22e805fa5a4d) Importer(815301076,1909f56bfc062723c751e8b465ee728b)  -> (artifact id: '2c5afdbbf26fe41cde4abbf755a75ef5') in 0.008142 seconds 
========================================================================
Received Import Request.
  Time since last request: 24.278869 seconds.
  path: Assets/Scripts/HealthMiniGame/Health.cs
  artifactKey: Guid(213556c4db9f55340aef22e805fa5a4d) Importer(815301076,1909f56bfc062723c751e8b465ee728b)
Start importing Assets/Scripts/HealthMiniGame/Health.cs using Guid(213556c4db9f55340aef22e805fa5a4d) Importer(815301076,1909f56bfc062723c751e8b465ee728b)  -> (artifact id: '54cee5710667ccc5cb585e587d7c6adc') in 0.014932 seconds 
========================================================================
Received Prepare
Registering precompiled user dll's ...
Registered in 0.008982 seconds.
Begin MonoManager ReloadAssembly
Native extension for WindowsStandalone target not found
Native extension for WebGL target not found
Refreshing native plugins compatible for Editor in 1.43 ms, found 2 plugins.
Preloading 0 native plugins for Editor in 0.00 ms.
Mono: successfully reloaded assembly
- Completed reload, in  2.174 seconds
Domain Reload Profiling:
	ReloadAssembly (2175ms)
		BeginReloadAssembly (199ms)
			ExecutionOrderSort (0ms)
			DisableScriptedObjects (14ms)
			BackupInstance (0ms)
			ReleaseScriptingObjects (0ms)
			CreateAndSetChildDomain (55ms)
		EndReloadAssembly (1789ms)
			LoadAssemblies (129ms)
			RebuildTransferFunctionScriptingTraits (0ms)
			SetupTypeCache (411ms)
			ReleaseScriptCaches (2ms)
			RebuildScriptCaches (105ms)
			SetupLoadedEditorAssemblies (990ms)
				LogAssemblyErrors (0ms)
				InitializePlatformSupportModulesInManaged (35ms)
				SetLoadedEditorAssemblies (2ms)
				RefreshPlugins (2ms)
				BeforeProcessingInitializeOnLoad (154ms)
				ProcessInitializeOnLoadAttributes (478ms)
				ProcessInitializeOnLoadMethodAttributes (302ms)
				AfterProcessingInitializeOnLoad (17ms)
				EditorAssembliesLoaded (0ms)
			ExecutionOrderSort2 (0ms)
			AwakeInstancesAfterBackupRestoration (17ms)
Platform modules already initialized, skipping
Refreshing native plugins compatible for Editor in 8.66 ms, found 2 plugins.
Preloading 0 native plugins for Editor in 0.00 ms.
Unloading 2220 Unused Serialized files (Serialized files now loaded: 0)
Unloading 48 unused Assets / (25.9 KB). Loaded Objects now: 2696.
Memory consumption went from 84.8 MB to 84.8 MB.
Total: 10.966200 ms (FindLiveObjects: 0.494800 ms CreateObjectMapping: 0.203200 ms MarkObjects: 10.199200 ms  DeleteObjects: 0.066900 ms)

AssetImportParameters requested are different than current active one (requested -> active):
  custom:video-decoder-ogg-theora: a1e56fd34408186e4bbccfd4996cb3dc -> 
  custom:container-muxer-webm: aa71ff27fc2769a1b78a27578f13a17b -> 
  custom:container-demuxer-webm: 4f35f7cbe854078d1ac9338744f61a02 -> 
  custom:video-encoder-webm-vp8: eb34c28f22e8b96e1ab97ce403110664 -> 
  custom:audio-encoder-webm-vorbis: bf7c407c2cedff20999df2af8eb42d56 -> 
  custom:framework-win-MediaFoundation: 216162199b28c13a410421893ffa2e32 -> 
  custom:container-demuxer-ogg: 62fdf1f143b41e24485cea50d1cbac27 -> 
  custom:video-decoder-webm-vp8: 9c59270c3fd7afecdb556c50c9e8de78 -> 
  custom:audio-decoder-ogg-vorbis: bf7c407c2cedff20999df2af8eb42d56 -> 
========================================================================
Received Import Request.
  Time since last request: 36.874991 seconds.
  path: Assets/Scripts/HealthMiniGame/HealthMiniGame.cs
  artifactKey: Guid(b8d07799de64859408f3f5ad48b39fb6) Importer(815301076,1909f56bfc062723c751e8b465ee728b)
Start importing Assets/Scripts/HealthMiniGame/HealthMiniGame.cs using Guid(b8d07799de64859408f3f5ad48b39fb6) Importer(815301076,1909f56bfc062723c751e8b465ee728b)  -> (artifact id: 'a0e2e3e8808a25a6483752d059860376') in 0.063750 seconds 
========================================================================
Received Prepare
Registering precompiled user dll's ...
Registered in 0.010081 seconds.
Begin MonoManager ReloadAssembly
Native extension for WindowsStandalone target not found
Native extension for WebGL target not found
Refreshing native plugins compatible for Editor in 1.27 ms, found 2 plugins.
Preloading 0 native plugins for Editor in 0.00 ms.
Mono: successfully reloaded assembly
- Completed reload, in  3.012 seconds
Domain Reload Profiling:
	ReloadAssembly (3013ms)
		BeginReloadAssembly (226ms)
			ExecutionOrderSort (0ms)
			DisableScriptedObjects (11ms)
			BackupInstance (0ms)
			ReleaseScriptingObjects (0ms)
			CreateAndSetChildDomain (56ms)
		EndReloadAssembly (2596ms)
			LoadAssemblies (154ms)
			RebuildTransferFunctionScriptingTraits (0ms)
			SetupTypeCache (371ms)
			ReleaseScriptCaches (1ms)
			RebuildScriptCaches (75ms)
			SetupLoadedEditorAssemblies (1782ms)
				LogAssemblyErrors (0ms)
				InitializePlatformSupportModulesInManaged (63ms)
				SetLoadedEditorAssemblies (2ms)
				RefreshPlugins (1ms)
				BeforeProcessingInitializeOnLoad (238ms)
				ProcessInitializeOnLoadAttributes (904ms)
				ProcessInitializeOnLoadMethodAttributes (544ms)
				AfterProcessingInitializeOnLoad (28ms)
				EditorAssembliesLoaded (1ms)
			ExecutionOrderSort2 (0ms)
			AwakeInstancesAfterBackupRestoration (27ms)
Platform modules already initialized, skipping
Refreshing native plugins compatible for Editor in 22.37 ms, found 2 plugins.
Preloading 0 native plugins for Editor in 0.00 ms.
Unloading 2220 Unused Serialized files (Serialized files now loaded: 0)
Unloading 48 unused Assets / (25.9 KB). Loaded Objects now: 2699.
Memory consumption went from 84.8 MB to 84.8 MB.
Total: 17.548900 ms (FindLiveObjects: 0.281500 ms CreateObjectMapping: 0.239500 ms MarkObjects: 16.979100 ms  DeleteObjects: 0.046900 ms)

AssetImportParameters requested are different than current active one (requested -> active):
  custom:video-decoder-ogg-theora: a1e56fd34408186e4bbccfd4996cb3dc -> 
  custom:container-muxer-webm: aa71ff27fc2769a1b78a27578f13a17b -> 
  custom:container-demuxer-webm: 4f35f7cbe854078d1ac9338744f61a02 -> 
  custom:video-encoder-webm-vp8: eb34c28f22e8b96e1ab97ce403110664 -> 
  custom:audio-encoder-webm-vorbis: bf7c407c2cedff20999df2af8eb42d56 -> 
  custom:framework-win-MediaFoundation: 216162199b28c13a410421893ffa2e32 -> 
  custom:container-demuxer-ogg: 62fdf1f143b41e24485cea50d1cbac27 -> 
  custom:video-decoder-webm-vp8: 9c59270c3fd7afecdb556c50c9e8de78 -> 
  custom:audio-decoder-ogg-vorbis: bf7c407c2cedff20999df2af8eb42d56 -> 
========================================================================
Received Import Request.
  Time since last request: 151.597570 seconds.
  path: Assets/Scripts/HealthMiniGame/Hearth.cs
  artifactKey: Guid(213556c4db9f55340aef22e805fa5a4d) Importer(815301076,1909f56bfc062723c751e8b465ee728b)
Start importing Assets/Scripts/HealthMiniGame/Hearth.cs using Guid(213556c4db9f55340aef22e805fa5a4d) Importer(815301076,1909f56bfc062723c751e8b465ee728b)  -> (artifact id: 'e365b3e32d71a60c31342f6678fd7964') in 0.043875 seconds 
========================================================================
Received Prepare
Registering precompiled user dll's ...
Registered in 0.011731 seconds.
Begin MonoManager ReloadAssembly
Native extension for WindowsStandalone target not found
Native extension for WebGL target not found
Refreshing native plugins compatible for Editor in 0.88 ms, found 2 plugins.
Preloading 0 native plugins for Editor in 0.00 ms.
Mono: successfully reloaded assembly
- Completed reload, in  3.139 seconds
Domain Reload Profiling:
	ReloadAssembly (3140ms)
		BeginReloadAssembly (286ms)
			ExecutionOrderSort (0ms)
			DisableScriptedObjects (18ms)
			BackupInstance (0ms)
			ReleaseScriptingObjects (0ms)
			CreateAndSetChildDomain (76ms)
		EndReloadAssembly (2508ms)
			LoadAssemblies (191ms)
			RebuildTransferFunctionScriptingTraits (0ms)
			SetupTypeCache (712ms)
			ReleaseScriptCaches (2ms)
			RebuildScriptCaches (107ms)
			SetupLoadedEditorAssemblies (1247ms)
				LogAssemblyErrors (0ms)
				InitializePlatformSupportModulesInManaged (41ms)
				SetLoadedEditorAssemblies (2ms)
				RefreshPlugins (1ms)
				BeforeProcessingInitializeOnLoad (173ms)
				ProcessInitializeOnLoadAttributes (639ms)
				ProcessInitializeOnLoadMethodAttributes (367ms)
				AfterProcessingInitializeOnLoad (24ms)
				EditorAssembliesLoaded (0ms)
			ExecutionOrderSort2 (0ms)
			AwakeInstancesAfterBackupRestoration (23ms)
Platform modules already initialized, skipping
Refreshing native plugins compatible for Editor in 12.55 ms, found 2 plugins.
Preloading 0 native plugins for Editor in 0.00 ms.
Unloading 2220 Unused Serialized files (Serialized files now loaded: 0)
Unloading 48 unused Assets / (25.9 KB). Loaded Objects now: 2702.
Memory consumption went from 84.8 MB to 84.8 MB.
Total: 15.731700 ms (FindLiveObjects: 0.582200 ms CreateObjectMapping: 0.428100 ms MarkObjects: 14.662500 ms  DeleteObjects: 0.056700 ms)

AssetImportParameters requested are different than current active one (requested -> active):
  custom:video-decoder-ogg-theora: a1e56fd34408186e4bbccfd4996cb3dc -> 
  custom:container-muxer-webm: aa71ff27fc2769a1b78a27578f13a17b -> 
  custom:container-demuxer-webm: 4f35f7cbe854078d1ac9338744f61a02 -> 
  custom:video-encoder-webm-vp8: eb34c28f22e8b96e1ab97ce403110664 -> 
  custom:audio-encoder-webm-vorbis: bf7c407c2cedff20999df2af8eb42d56 -> 
  custom:framework-win-MediaFoundation: 216162199b28c13a410421893ffa2e32 -> 
  custom:container-demuxer-ogg: 62fdf1f143b41e24485cea50d1cbac27 -> 
  custom:video-decoder-webm-vp8: 9c59270c3fd7afecdb556c50c9e8de78 -> 
  custom:audio-decoder-ogg-vorbis: bf7c407c2cedff20999df2af8eb42d56 -> 
========================================================================
Received Import Request.
  Time since last request: 24.386199 seconds.
  path: Assets/Scripts/HealthMiniGame/Hearth.cs
  artifactKey: Guid(213556c4db9f55340aef22e805fa5a4d) Importer(815301076,1909f56bfc062723c751e8b465ee728b)
Start importing Assets/Scripts/HealthMiniGame/Hearth.cs using Guid(213556c4db9f55340aef22e805fa5a4d) Importer(815301076,1909f56bfc062723c751e8b465ee728b)  -> (artifact id: 'a59d8a2ba84e491492d67a649d7d4920') in 0.018291 seconds 
========================================================================
Received Prepare
Registering precompiled user dll's ...
Registered in 0.008556 seconds.
Begin MonoManager ReloadAssembly
Native extension for WindowsStandalone target not found
Native extension for WebGL target not found
Refreshing native plugins compatible for Editor in 0.93 ms, found 2 plugins.
Preloading 0 native plugins for Editor in 0.00 ms.
Mono: successfully reloaded assembly
- Completed reload, in  3.109 seconds
Domain Reload Profiling:
	ReloadAssembly (3110ms)
		BeginReloadAssembly (232ms)
			ExecutionOrderSort (0ms)
			DisableScriptedObjects (11ms)
			BackupInstance (0ms)
			ReleaseScriptingObjects (0ms)
			CreateAndSetChildDomain (62ms)
		EndReloadAssembly (2658ms)
			LoadAssemblies (162ms)
			RebuildTransferFunctionScriptingTraits (0ms)
			SetupTypeCache (577ms)
			ReleaseScriptCaches (3ms)
			RebuildScriptCaches (182ms)
			SetupLoadedEditorAssemblies (1366ms)
				LogAssemblyErrors (0ms)
				InitializePlatformSupportModulesInManaged (84ms)
				SetLoadedEditorAssemblies (1ms)
				RefreshPlugins (1ms)
				BeforeProcessingInitializeOnLoad (217ms)
				ProcessInitializeOnLoadAttributes (691ms)
				ProcessInitializeOnLoadMethodAttributes (351ms)
				AfterProcessingInitializeOnLoad (20ms)
				EditorAssembliesLoaded (0ms)
			ExecutionOrderSort2 (0ms)
			AwakeInstancesAfterBackupRestoration (15ms)
Platform modules already initialized, skipping
Refreshing native plugins compatible for Editor in 11.42 ms, found 2 plugins.
Preloading 0 native plugins for Editor in 0.00 ms.
Unloading 2220 Unused Serialized files (Serialized files now loaded: 0)
Unloading 48 unused Assets / (25.9 KB). Loaded Objects now: 2705.
Memory consumption went from 84.8 MB to 84.8 MB.
Total: 14.430600 ms (FindLiveObjects: 0.300100 ms CreateObjectMapping: 0.211400 ms MarkObjects: 13.852800 ms  DeleteObjects: 0.064600 ms)

AssetImportParameters requested are different than current active one (requested -> active):
  custom:video-decoder-ogg-theora: a1e56fd34408186e4bbccfd4996cb3dc -> 
  custom:container-muxer-webm: aa71ff27fc2769a1b78a27578f13a17b -> 
  custom:container-demuxer-webm: 4f35f7cbe854078d1ac9338744f61a02 -> 
  custom:video-encoder-webm-vp8: eb34c28f22e8b96e1ab97ce403110664 -> 
  custom:audio-encoder-webm-vorbis: bf7c407c2cedff20999df2af8eb42d56 -> 
  custom:framework-win-MediaFoundation: 216162199b28c13a410421893ffa2e32 -> 
  custom:container-demuxer-ogg: 62fdf1f143b41e24485cea50d1cbac27 -> 
  custom:video-decoder-webm-vp8: 9c59270c3fd7afecdb556c50c9e8de78 -> 
  custom:audio-decoder-ogg-vorbis: bf7c407c2cedff20999df2af8eb42d56 -> 
========================================================================
Received Prepare
Registering precompiled user dll's ...
Registered in 0.011711 seconds.
Begin MonoManager ReloadAssembly
Native extension for WindowsStandalone target not found
Native extension for WebGL target not found
Refreshing native plugins compatible for Editor in 1.26 ms, found 2 plugins.
Preloading 0 native plugins for Editor in 0.00 ms.
Mono: successfully reloaded assembly
- Completed reload, in  2.491 seconds
Domain Reload Profiling:
	ReloadAssembly (2492ms)
		BeginReloadAssembly (236ms)
			ExecutionOrderSort (0ms)
			DisableScriptedObjects (12ms)
			BackupInstance (0ms)
			ReleaseScriptingObjects (0ms)
			CreateAndSetChildDomain (61ms)
		EndReloadAssembly (2059ms)
			LoadAssemblies (205ms)
			RebuildTransferFunctionScriptingTraits (0ms)
			SetupTypeCache (370ms)
			ReleaseScriptCaches (2ms)
			RebuildScriptCaches (106ms)
			SetupLoadedEditorAssemblies (1218ms)
				LogAssemblyErrors (0ms)
				InitializePlatformSupportModulesInManaged (45ms)
				SetLoadedEditorAssemblies (1ms)
				RefreshPlugins (1ms)
				BeforeProcessingInitializeOnLoad (175ms)
				ProcessInitializeOnLoadAttributes (598ms)
				ProcessInitializeOnLoadMethodAttributes (374ms)
				AfterProcessingInitializeOnLoad (22ms)
				EditorAssembliesLoaded (1ms)
			ExecutionOrderSort2 (0ms)
			AwakeInstancesAfterBackupRestoration (21ms)
Platform modules already initialized, skipping
Refreshing native plugins compatible for Editor in 11.66 ms, found 2 plugins.
Preloading 0 native plugins for Editor in 0.00 ms.
Unloading 2219 Unused Serialized files (Serialized files now loaded: 0)
Unloading 49 unused Assets / (25.8 KB). Loaded Objects now: 2707.
Memory consumption went from 84.7 MB to 84.7 MB.
Total: 14.447800 ms (FindLiveObjects: 0.347400 ms CreateObjectMapping: 0.188300 ms MarkObjects: 13.852700 ms  DeleteObjects: 0.057200 ms)

AssetImportParameters requested are different than current active one (requested -> active):
  custom:video-decoder-ogg-theora: a1e56fd34408186e4bbccfd4996cb3dc -> 
  custom:container-muxer-webm: aa71ff27fc2769a1b78a27578f13a17b -> 
  custom:container-demuxer-webm: 4f35f7cbe854078d1ac9338744f61a02 -> 
  custom:video-encoder-webm-vp8: eb34c28f22e8b96e1ab97ce403110664 -> 
  custom:audio-encoder-webm-vorbis: bf7c407c2cedff20999df2af8eb42d56 -> 
  custom:framework-win-MediaFoundation: 216162199b28c13a410421893ffa2e32 -> 
  custom:container-demuxer-ogg: 62fdf1f143b41e24485cea50d1cbac27 -> 
  custom:video-decoder-webm-vp8: 9c59270c3fd7afecdb556c50c9e8de78 -> 
  custom:audio-decoder-ogg-vorbis: bf7c407c2cedff20999df2af8eb42d56 -> 
========================================================================
Received Import Request.
  Time since last request: 42.517754 seconds.
  path: Assets/Scripts/HealthMiniGame/HearthMiniGame.cs
  artifactKey: Guid(b987d3b34ed1e5f448becca70947fbc8) Importer(815301076,1909f56bfc062723c751e8b465ee728b)
Start importing Assets/Scripts/HealthMiniGame/HearthMiniGame.cs using Guid(b987d3b34ed1e5f448becca70947fbc8) Importer(815301076,1909f56bfc062723c751e8b465ee728b)  -> (artifact id: '8cba1a437206dd3f985cc222305fb0d3') in 0.020094 seconds 
========================================================================
Received Prepare
Registering precompiled user dll's ...
Registered in 0.010150 seconds.
Begin MonoManager ReloadAssembly
Native extension for WindowsStandalone target not found
Native extension for WebGL target not found
Refreshing native plugins compatible for Editor in 1.45 ms, found 2 plugins.
Preloading 0 native plugins for Editor in 0.00 ms.
Mono: successfully reloaded assembly
- Completed reload, in  2.871 seconds
Domain Reload Profiling:
	ReloadAssembly (2873ms)
		BeginReloadAssembly (238ms)
			ExecutionOrderSort (0ms)
			DisableScriptedObjects (15ms)
			BackupInstance (0ms)
			ReleaseScriptingObjects (0ms)
			CreateAndSetChildDomain (61ms)
		EndReloadAssembly (2305ms)
			LoadAssemblies (160ms)
			RebuildTransferFunctionScriptingTraits (0ms)
			SetupTypeCache (515ms)
			ReleaseScriptCaches (1ms)
			RebuildScriptCaches (100ms)
			SetupLoadedEditorAssemblies (1313ms)
				LogAssemblyErrors (0ms)
				InitializePlatformSupportModulesInManaged (33ms)
				SetLoadedEditorAssemblies (1ms)
				RefreshPlugins (2ms)
				BeforeProcessingInitializeOnLoad (182ms)
				ProcessInitializeOnLoadAttributes (790ms)
				ProcessInitializeOnLoadMethodAttributes (283ms)
				AfterProcessingInitializeOnLoad (21ms)
				EditorAssembliesLoaded (1ms)
			ExecutionOrderSort2 (0ms)
			AwakeInstancesAfterBackupRestoration (21ms)
Platform modules already initialized, skipping
Refreshing native plugins compatible for Editor in 18.39 ms, found 2 plugins.
Preloading 0 native plugins for Editor in 0.00 ms.
Unloading 2220 Unused Serialized files (Serialized files now loaded: 0)
Unloading 48 unused Assets / (25.9 KB). Loaded Objects now: 2711.
Memory consumption went from 84.8 MB to 84.8 MB.
Total: 12.916000 ms (FindLiveObjects: 0.301300 ms CreateObjectMapping: 0.281600 ms MarkObjects: 12.289600 ms  DeleteObjects: 0.041700 ms)

AssetImportParameters requested are different than current active one (requested -> active):
  custom:video-decoder-ogg-theora: a1e56fd34408186e4bbccfd4996cb3dc -> 
  custom:container-muxer-webm: aa71ff27fc2769a1b78a27578f13a17b -> 
  custom:container-demuxer-webm: 4f35f7cbe854078d1ac9338744f61a02 -> 
  custom:video-encoder-webm-vp8: eb34c28f22e8b96e1ab97ce403110664 -> 
  custom:audio-encoder-webm-vorbis: bf7c407c2cedff20999df2af8eb42d56 -> 
  custom:framework-win-MediaFoundation: 216162199b28c13a410421893ffa2e32 -> 
  custom:container-demuxer-ogg: 62fdf1f143b41e24485cea50d1cbac27 -> 
  custom:video-decoder-webm-vp8: 9c59270c3fd7afecdb556c50c9e8de78 -> 
  custom:audio-decoder-ogg-vorbis: bf7c407c2cedff20999df2af8eb42d56 -> 
========================================================================
Received Prepare
Registering precompiled user dll's ...
Registered in 0.011305 seconds.
Begin MonoManager ReloadAssembly
Native extension for WindowsStandalone target not found
Native extension for WebGL target not found
Refreshing native plugins compatible for Editor in 1.28 ms, found 2 plugins.
Preloading 0 native plugins for Editor in 0.00 ms.
Mono: successfully reloaded assembly
- Completed reload, in  2.517 seconds
Domain Reload Profiling:
	ReloadAssembly (2518ms)
		BeginReloadAssembly (242ms)
			ExecutionOrderSort (0ms)
			DisableScriptedObjects (15ms)
			BackupInstance (0ms)
			ReleaseScriptingObjects (0ms)
			CreateAndSetChildDomain (65ms)
		EndReloadAssembly (1921ms)
			LoadAssemblies (159ms)
			RebuildTransferFunctionScriptingTraits (0ms)
			SetupTypeCache (368ms)
			ReleaseScriptCaches (2ms)
			RebuildScriptCaches (98ms)
			SetupLoadedEditorAssemblies (1142ms)
				LogAssemblyErrors (0ms)
				InitializePlatformSupportModulesInManaged (39ms)
				SetLoadedEditorAssemblies (2ms)
				RefreshPlugins (1ms)
				BeforeProcessingInitializeOnLoad (164ms)
				ProcessInitializeOnLoadAttributes (610ms)
				ProcessInitializeOnLoadMethodAttributes (299ms)
				AfterProcessingInitializeOnLoad (26ms)
				EditorAssembliesLoaded (1ms)
			ExecutionOrderSort2 (0ms)
			AwakeInstancesAfterBackupRestoration (21ms)
Platform modules already initialized, skipping
Refreshing native plugins compatible for Editor in 14.24 ms, found 2 plugins.
Preloading 0 native plugins for Editor in 0.00 ms.
Unloading 2219 Unused Serialized files (Serialized files now loaded: 0)
Unloading 49 unused Assets / (25.9 KB). Loaded Objects now: 2713.
Memory consumption went from 84.8 MB to 84.8 MB.
Total: 16.971800 ms (FindLiveObjects: 0.523000 ms CreateObjectMapping: 0.309800 ms MarkObjects: 16.068800 ms  DeleteObjects: 0.067800 ms)

AssetImportParameters requested are different than current active one (requested -> active):
  custom:video-decoder-ogg-theora: a1e56fd34408186e4bbccfd4996cb3dc -> 
  custom:container-muxer-webm: aa71ff27fc2769a1b78a27578f13a17b -> 
  custom:container-demuxer-webm: 4f35f7cbe854078d1ac9338744f61a02 -> 
  custom:video-encoder-webm-vp8: eb34c28f22e8b96e1ab97ce403110664 -> 
  custom:audio-encoder-webm-vorbis: bf7c407c2cedff20999df2af8eb42d56 -> 
  custom:framework-win-MediaFoundation: 216162199b28c13a410421893ffa2e32 -> 
  custom:container-demuxer-ogg: 62fdf1f143b41e24485cea50d1cbac27 -> 
  custom:video-decoder-webm-vp8: 9c59270c3fd7afecdb556c50c9e8de78 -> 
  custom:audio-decoder-ogg-vorbis: bf7c407c2cedff20999df2af8eb42d56 -> 
========================================================================
Received Import Request.
  Time since last request: 33.885494 seconds.
  path: Assets/Scripts/HealthMiniGame/HearthSpawner.cs
  artifactKey: Guid(028eb6635c4aed8428e94ce111b0a9a2) Importer(815301076,1909f56bfc062723c751e8b465ee728b)
Start importing Assets/Scripts/HealthMiniGame/HearthSpawner.cs using Guid(028eb6635c4aed8428e94ce111b0a9a2) Importer(815301076,1909f56bfc062723c751e8b465ee728b)  -> (artifact id: '5f88a45171c3717385f7b471d860a7a7') in 0.021038 seconds 
========================================================================
Received Import Request.
  Time since last request: 86.592205 seconds.
  path: Assets/Scripts/HealthMiniGame/HearthSpawner.cs
  artifactKey: Guid(028eb6635c4aed8428e94ce111b0a9a2) Importer(815301076,1909f56bfc062723c751e8b465ee728b)
Start importing Assets/Scripts/HealthMiniGame/HearthSpawner.cs using Guid(028eb6635c4aed8428e94ce111b0a9a2) Importer(815301076,1909f56bfc062723c751e8b465ee728b)  -> (artifact id: 'd3752958cfd7d095562d34ca4adfdd29') in 0.005559 seconds 
========================================================================
Received Prepare
Registering precompiled user dll's ...
Registered in 0.010241 seconds.
Begin MonoManager ReloadAssembly
Native extension for WindowsStandalone target not found
Native extension for WebGL target not found
Refreshing native plugins compatible for Editor in 0.74 ms, found 2 plugins.
Preloading 0 native plugins for Editor in 0.00 ms.
Mono: successfully reloaded assembly
- Completed reload, in  1.654 seconds
Domain Reload Profiling:
	ReloadAssembly (1655ms)
		BeginReloadAssembly (224ms)
			ExecutionOrderSort (0ms)
			DisableScriptedObjects (14ms)
			BackupInstance (0ms)
			ReleaseScriptingObjects (0ms)
			CreateAndSetChildDomain (58ms)
		EndReloadAssembly (1230ms)
			LoadAssemblies (141ms)
			RebuildTransferFunctionScriptingTraits (0ms)
			SetupTypeCache (330ms)
			ReleaseScriptCaches (1ms)
			RebuildScriptCaches (63ms)
			SetupLoadedEditorAssemblies (649ms)
				LogAssemblyErrors (0ms)
				InitializePlatformSupportModulesInManaged (22ms)
				SetLoadedEditorAssemblies (1ms)
				RefreshPlugins (1ms)
				BeforeProcessingInitializeOnLoad (88ms)
				ProcessInitializeOnLoadAttributes (320ms)
				ProcessInitializeOnLoadMethodAttributes (206ms)
				AfterProcessingInitializeOnLoad (12ms)
				EditorAssembliesLoaded (0ms)
			ExecutionOrderSort2 (0ms)
			AwakeInstancesAfterBackupRestoration (11ms)
Platform modules already initialized, skipping
Refreshing native plugins compatible for Editor in 7.31 ms, found 2 plugins.
Preloading 0 native plugins for Editor in 0.00 ms.
Unloading 2220 Unused Serialized files (Serialized files now loaded: 0)
Unloading 48 unused Assets / (25.9 KB). Loaded Objects now: 2717.
Memory consumption went from 84.9 MB to 84.8 MB.
Total: 11.477200 ms (FindLiveObjects: 0.275800 ms CreateObjectMapping: 0.221200 ms MarkObjects: 10.926700 ms  DeleteObjects: 0.051900 ms)

AssetImportParameters requested are different than current active one (requested -> active):
  custom:video-decoder-ogg-theora: a1e56fd34408186e4bbccfd4996cb3dc -> 
  custom:container-muxer-webm: aa71ff27fc2769a1b78a27578f13a17b -> 
  custom:container-demuxer-webm: 4f35f7cbe854078d1ac9338744f61a02 -> 
  custom:video-encoder-webm-vp8: eb34c28f22e8b96e1ab97ce403110664 -> 
  custom:audio-encoder-webm-vorbis: bf7c407c2cedff20999df2af8eb42d56 -> 
  custom:framework-win-MediaFoundation: 216162199b28c13a410421893ffa2e32 -> 
  custom:container-demuxer-ogg: 62fdf1f143b41e24485cea50d1cbac27 -> 
  custom:video-decoder-webm-vp8: 9c59270c3fd7afecdb556c50c9e8de78 -> 
  custom:audio-decoder-ogg-vorbis: bf7c407c2cedff20999df2af8eb42d56 -> 
========================================================================
Received Prepare
Registering precompiled user dll's ...
Registered in 0.008726 seconds.
Begin MonoManager ReloadAssembly
Native extension for WindowsStandalone target not found
Native extension for WebGL target not found
Refreshing native plugins compatible for Editor in 1.07 ms, found 2 plugins.
Preloading 0 native plugins for Editor in 0.00 ms.
Mono: successfully reloaded assembly
- Completed reload, in  1.711 seconds
Domain Reload Profiling:
	ReloadAssembly (1712ms)
		BeginReloadAssembly (210ms)
			ExecutionOrderSort (0ms)
			DisableScriptedObjects (10ms)
			BackupInstance (0ms)
			ReleaseScriptingObjects (0ms)
			CreateAndSetChildDomain (52ms)
		EndReloadAssembly (1299ms)
			LoadAssemblies (143ms)
			RebuildTransferFunctionScriptingTraits (0ms)
			SetupTypeCache (357ms)
			ReleaseScriptCaches (2ms)
			RebuildScriptCaches (68ms)
			SetupLoadedEditorAssemblies (678ms)
				LogAssemblyErrors (0ms)
				InitializePlatformSupportModulesInManaged (21ms)
				SetLoadedEditorAssemblies (1ms)
				RefreshPlugins (1ms)
				BeforeProcessingInitializeOnLoad (95ms)
				ProcessInitializeOnLoadAttributes (324ms)
				ProcessInitializeOnLoadMethodAttributes (223ms)
				AfterProcessingInitializeOnLoad (12ms)
				EditorAssembliesLoaded (0ms)
			ExecutionOrderSort2 (0ms)
			AwakeInstancesAfterBackupRestoration (12ms)
Platform modules already initialized, skipping
Refreshing native plugins compatible for Editor in 7.21 ms, found 2 plugins.
Preloading 0 native plugins for Editor in 0.00 ms.
Unloading 2220 Unused Serialized files (Serialized files now loaded: 0)
Unloading 48 unused Assets / (25.9 KB). Loaded Objects now: 2720.
Memory consumption went from 84.9 MB to 84.8 MB.
Total: 10.592100 ms (FindLiveObjects: 0.637000 ms CreateObjectMapping: 0.451300 ms MarkObjects: 9.453900 ms  DeleteObjects: 0.048100 ms)

AssetImportParameters requested are different than current active one (requested -> active):
  custom:video-decoder-ogg-theora: a1e56fd34408186e4bbccfd4996cb3dc -> 
  custom:container-muxer-webm: aa71ff27fc2769a1b78a27578f13a17b -> 
  custom:container-demuxer-webm: 4f35f7cbe854078d1ac9338744f61a02 -> 
  custom:video-encoder-webm-vp8: eb34c28f22e8b96e1ab97ce403110664 -> 
  custom:audio-encoder-webm-vorbis: bf7c407c2cedff20999df2af8eb42d56 -> 
  custom:framework-win-MediaFoundation: 216162199b28c13a410421893ffa2e32 -> 
  custom:container-demuxer-ogg: 62fdf1f143b41e24485cea50d1cbac27 -> 
  custom:video-decoder-webm-vp8: 9c59270c3fd7afecdb556c50c9e8de78 -> 
  custom:audio-decoder-ogg-vorbis: bf7c407c2cedff20999df2af8eb42d56 -> 
========================================================================
Received Import Request.
  Time since last request: 96.788860 seconds.
  path: Assets/Prefabs/MiniGames
  artifactKey: Guid(6e44c72a46c3a4e16942cd54ea499f99) Importer(815301076,1909f56bfc062723c751e8b465ee728b)
Start importing Assets/Prefabs/MiniGames using Guid(6e44c72a46c3a4e16942cd54ea499f99) Importer(815301076,1909f56bfc062723c751e8b465ee728b)  -> (artifact id: '861aad42b5b25bc81afe68a5f4acbbe2') in 0.018757 seconds 
========================================================================
Received Import Request.
  Time since last request: 0.804219 seconds.
  path: Assets/Prefabs/MiniGames/HungerMiniGame
  artifactKey: Guid(d80ce4fb9a9ee41248bdb891779a83ad) Importer(815301076,1909f56bfc062723c751e8b465ee728b)
Start importing Assets/Prefabs/MiniGames/HungerMiniGame using Guid(d80ce4fb9a9ee41248bdb891779a83ad) Importer(815301076,1909f56bfc062723c751e8b465ee728b)  -> (artifact id: 'd9349bd4b2295381701645df95f22304') in 0.032184 seconds 
========================================================================
Received Import Request.
  Time since last request: 0.046133 seconds.
  path: Assets/Prefabs/MiniGames/HungerMiniGame/Blade.prefab
  artifactKey: Guid(c038df047d0d148f0a2b2be418d252de) Importer(815301076,1909f56bfc062723c751e8b465ee728b)
Start importing Assets/Prefabs/MiniGames/HungerMiniGame/Blade.prefab using Guid(c038df047d0d148f0a2b2be418d252de) Importer(815301076,1909f56bfc062723c751e8b465ee728b)  -> (artifact id: '37b258de6c0426d80c90f429ddfc15ae') in 0.055607 seconds 
========================================================================
Received Import Request.
  Time since last request: 0.000031 seconds.
  path: Assets/Prefabs/MiniGames/HungerMiniGame/WatermelonSliced.prefab
  artifactKey: Guid(c20545d80b0bc42f7a2a47a8c4172e8c) Importer(815301076,1909f56bfc062723c751e8b465ee728b)
Start importing Assets/Prefabs/MiniGames/HungerMiniGame/WatermelonSliced.prefab using Guid(c20545d80b0bc42f7a2a47a8c4172e8c) Importer(815301076,1909f56bfc062723c751e8b465ee728b)  -> (artifact id: 'c44437a2251a1c214aba225fd377026a') in 0.164151 seconds 
========================================================================
Received Import Request.
  Time since last request: 0.000035 seconds.
  path: Assets/Prefabs/MiniGames/HungerMiniGame/BladeTrail.prefab
  artifactKey: Guid(18d794010a6624c9c99d205c47a6f4c1) Importer(815301076,1909f56bfc062723c751e8b465ee728b)
Start importing Assets/Prefabs/MiniGames/HungerMiniGame/BladeTrail.prefab using Guid(18d794010a6624c9c99d205c47a6f4c1) Importer(815301076,1909f56bfc062723c751e8b465ee728b)  -> (artifact id: '8821cdd7969a7ad608c25190dbc5dad5') in 0.037245 seconds 
========================================================================
Received Import Request.
  Time since last request: 0.000024 seconds.
  path: Assets/Prefabs/MiniGames/HungerMiniGame/HungerMiniGame.prefab
  artifactKey: Guid(ed31c3e82bead481a818ac918df7cc5a) Importer(815301076,1909f56bfc062723c751e8b465ee728b)
Start importing Assets/Prefabs/MiniGames/HungerMiniGame/HungerMiniGame.prefab using Guid(ed31c3e82bead481a818ac918df7cc5a) Importer(815301076,1909f56bfc062723c751e8b465ee728b)  -> (artifact id: '86168af3db13db4a2a7188875037a161') in 0.036464 seconds 
========================================================================
Received Import Request.
  Time since last request: 0.000032 seconds.
  path: Assets/Prefabs/MiniGames/HungerMiniGame/FruitSpawner.prefab
  artifactKey: Guid(055c93833f3df4f7e887dbcdc9348949) Importer(815301076,1909f56bfc062723c751e8b465ee728b)
Start importing Assets/Prefabs/MiniGames/HungerMiniGame/FruitSpawner.prefab using Guid(055c93833f3df4f7e887dbcdc9348949) Importer(815301076,1909f56bfc062723c751e8b465ee728b)  -> (artifact id: '2106d8eee424b31d16e4c04551e1b5f6') in 0.027916 seconds 
========================================================================
Received Import Request.
  Time since last request: 0.000027 seconds.
  path: Assets/Prefabs/MiniGames/HungerMiniGame/Watermelon.prefab
  artifactKey: Guid(063f1394332724c9c89c9487ee12878a) Importer(815301076,1909f56bfc062723c751e8b465ee728b)
Start importing Assets/Prefabs/MiniGames/HungerMiniGame/Watermelon.prefab using Guid(063f1394332724c9c89c9487ee12878a) Importer(815301076,1909f56bfc062723c751e8b465ee728b)  -> (artifact id: '673b5de4a52654dd5aa29c4ff610707b') in 0.038367 seconds 
